{"/Users/jamie/Projects/squid-beak-cli/lib/commands/generate-component.js": {"path":"/Users/jamie/Projects/squid-beak-cli/lib/commands/generate-component.js","statementMap":{"0":{"start":{"line":1,"column":13},"end":{"line":1,"column":28}},"1":{"start":{"line":2,"column":11},"end":{"line":2,"column":30}},"2":{"start":{"line":3,"column":15},"end":{"line":3,"column":40}},"3":{"start":{"line":4,"column":29},"end":{"line":4,"column":54}},"4":{"start":{"line":5,"column":20},"end":{"line":5,"column":60}},"5":{"start":{"line":7,"column":24},"end":{"line":29,"column":1}},"6":{"start":{"line":8,"column":24},"end":{"line":8,"column":46}},"7":{"start":{"line":9,"column":13},"end":{"line":9,"column":60}},"8":{"start":{"line":10,"column":2},"end":{"line":28,"column":5}},"9":{"start":{"line":11,"column":4},"end":{"line":27,"column":5}},"10":{"start":{"line":12,"column":6},"end":{"line":12,"column":65}},"11":{"start":{"line":14,"column":6},"end":{"line":14,"column":86}},"12":{"start":{"line":15,"column":6},"end":{"line":15,"column":25}},"13":{"start":{"line":16,"column":6},"end":{"line":24,"column":7}},"14":{"start":{"line":17,"column":8},"end":{"line":17,"column":70}},"15":{"start":{"line":18,"column":8},"end":{"line":18,"column":69}},"16":{"start":{"line":19,"column":8},"end":{"line":19,"column":67}},"17":{"start":{"line":20,"column":8},"end":{"line":20,"column":66}},"18":{"start":{"line":22,"column":8},"end":{"line":22,"column":70}},"19":{"start":{"line":23,"column":8},"end":{"line":23,"column":67}},"20":{"start":{"line":26,"column":6},"end":{"line":26,"column":71}},"21":{"start":{"line":30,"column":0},"end":{"line":30,"column":33}}},"fnMap":{"0":{"name":"(anonymous_0)","decl":{"start":{"line":7,"column":24},"end":{"line":7,"column":25}},"loc":{"start":{"line":7,"column":43},"end":{"line":29,"column":1}},"line":7},"1":{"name":"(anonymous_1)","decl":{"start":{"line":10,"column":21},"end":{"line":10,"column":22}},"loc":{"start":{"line":10,"column":42},"end":{"line":28,"column":3}},"line":10}},"branchMap":{"0":{"loc":{"start":{"line":11,"column":4},"end":{"line":27,"column":5}},"type":"if","locations":[{"start":{"line":11,"column":4},"end":{"line":27,"column":5}},{"start":{"line":11,"column":4},"end":{"line":27,"column":5}}],"line":11},"1":{"loc":{"start":{"line":16,"column":6},"end":{"line":24,"column":7}},"type":"if","locations":[{"start":{"line":16,"column":6},"end":{"line":24,"column":7}},{"start":{"line":16,"column":6},"end":{"line":24,"column":7}}],"line":16}},"s":{"0":1,"1":1,"2":1,"3":1,"4":1,"5":1,"6":4,"7":4,"8":4,"9":4,"10":2,"11":2,"12":2,"13":2,"14":1,"15":1,"16":1,"17":1,"18":1,"19":1,"20":2,"21":1},"f":{"0":4,"1":4},"b":{"0":[2,2],"1":[1,1]},"_coverageSchema":"1a1c01bbd47fc00a2c39e90264f33305004495a9","hash":"1f43647fd3fee4be7675308c4d4671e029034daa"}
,"/Users/jamie/Projects/squid-beak-cli/lib/commands/generate-page.js": {"path":"/Users/jamie/Projects/squid-beak-cli/lib/commands/generate-page.js","statementMap":{"0":{"start":{"line":1,"column":13},"end":{"line":1,"column":28}},"1":{"start":{"line":2,"column":11},"end":{"line":2,"column":30}},"2":{"start":{"line":3,"column":15},"end":{"line":3,"column":40}},"3":{"start":{"line":4,"column":29},"end":{"line":4,"column":54}},"4":{"start":{"line":5,"column":24},"end":{"line":5,"column":62}},"5":{"start":{"line":14,"column":21},"end":{"line":32,"column":1}},"6":{"start":{"line":15,"column":28},"end":{"line":15,"column":54}},"7":{"start":{"line":17,"column":15},"end":{"line":17,"column":61}},"8":{"start":{"line":18,"column":2},"end":{"line":30,"column":5}},"9":{"start":{"line":19,"column":4},"end":{"line":29,"column":5}},"10":{"start":{"line":20,"column":6},"end":{"line":20,"column":60}},"11":{"start":{"line":22,"column":6},"end":{"line":22,"column":88}},"12":{"start":{"line":24,"column":6},"end":{"line":24,"column":25}},"13":{"start":{"line":25,"column":6},"end":{"line":25,"column":67}},"14":{"start":{"line":26,"column":6},"end":{"line":26,"column":67}},"15":{"start":{"line":27,"column":6},"end":{"line":27,"column":65}},"16":{"start":{"line":28,"column":6},"end":{"line":28,"column":69}},"17":{"start":{"line":34,"column":0},"end":{"line":34,"column":30}}},"fnMap":{"0":{"name":"(anonymous_0)","decl":{"start":{"line":14,"column":21},"end":{"line":14,"column":22}},"loc":{"start":{"line":14,"column":44},"end":{"line":32,"column":1}},"line":14},"1":{"name":"(anonymous_1)","decl":{"start":{"line":18,"column":21},"end":{"line":18,"column":22}},"loc":{"start":{"line":18,"column":42},"end":{"line":30,"column":3}},"line":18}},"branchMap":{"0":{"loc":{"start":{"line":19,"column":4},"end":{"line":29,"column":5}},"type":"if","locations":[{"start":{"line":19,"column":4},"end":{"line":29,"column":5}},{"start":{"line":19,"column":4},"end":{"line":29,"column":5}}],"line":19}},"s":{"0":1,"1":1,"2":1,"3":1,"4":1,"5":1,"6":2,"7":2,"8":2,"9":2,"10":1,"11":1,"12":1,"13":1,"14":1,"15":1,"16":1,"17":1},"f":{"0":2,"1":2},"b":{"0":[1,1]},"_coverageSchema":"1a1c01bbd47fc00a2c39e90264f33305004495a9","hash":"84a41312cecd05968b66eb76020849e28ca4644d"}
,"/Users/jamie/Projects/squid-beak-cli/lib/commands/generate-project.js": {"path":"/Users/jamie/Projects/squid-beak-cli/lib/commands/generate-project.js","statementMap":{"0":{"start":{"line":1,"column":17},"end":{"line":1,"column":36}},"1":{"start":{"line":2,"column":15},"end":{"line":2,"column":40}},"2":{"start":{"line":3,"column":35},"end":{"line":3,"column":79}},"3":{"start":{"line":4,"column":22},"end":{"line":4,"column":58}},"4":{"start":{"line":6,"column":32},"end":{"line":10,"column":1}},"5":{"start":{"line":11,"column":22},"end":{"line":15,"column":1}},"6":{"start":{"line":16,"column":18},"end":{"line":21,"column":1}},"7":{"start":{"line":28,"column":24},"end":{"line":43,"column":1}},"8":{"start":{"line":29,"column":2},"end":{"line":29,"column":70}},"9":{"start":{"line":30,"column":2},"end":{"line":30,"column":65}},"10":{"start":{"line":32,"column":18},"end":{"line":32,"column":50}},"11":{"start":{"line":34,"column":2},"end":{"line":40,"column":3}},"12":{"start":{"line":36,"column":16},"end":{"line":36,"column":66}},"13":{"start":{"line":37,"column":4},"end":{"line":37,"column":21}},"14":{"start":{"line":39,"column":4},"end":{"line":39,"column":21}},"15":{"start":{"line":42,"column":2},"end":{"line":42,"column":40}},"16":{"start":{"line":44,"column":0},"end":{"line":44,"column":33}}},"fnMap":{"0":{"name":"(anonymous_0)","decl":{"start":{"line":28,"column":24},"end":{"line":28,"column":25}},"loc":{"start":{"line":28,"column":47},"end":{"line":43,"column":1}},"line":28}},"branchMap":{},"s":{"0":1,"1":1,"2":1,"3":1,"4":1,"5":1,"6":1,"7":1,"8":1,"9":1,"10":1,"11":1,"12":1,"13":1,"14":0,"15":1,"16":1},"f":{"0":1},"b":{},"_coverageSchema":"1a1c01bbd47fc00a2c39e90264f33305004495a9","hash":"b483e35a0632875889b796ce963636e556aa6bf1"}
,"/Users/jamie/Projects/squid-beak-cli/lib/file-creators/file-templates.js": {"path":"/Users/jamie/Projects/squid-beak-cli/lib/file-creators/file-templates.js","statementMap":{"0":{"start":{"line":2,"column":30},"end":{"line":16,"column":1}},"1":{"start":{"line":3,"column":2},"end":{"line":15,"column":34}},"2":{"start":{"line":19,"column":40},"end":{"line":37,"column":1}},"3":{"start":{"line":20,"column":2},"end":{"line":36,"column":37}},"4":{"start":{"line":40,"column":25},"end":{"line":54,"column":1}},"5":{"start":{"line":41,"column":2},"end":{"line":53,"column":34}},"6":{"start":{"line":57,"column":35},"end":{"line":71,"column":1}},"7":{"start":{"line":58,"column":2},"end":{"line":70,"column":44}},"8":{"start":{"line":73,"column":29},"end":{"line":84,"column":1}},"9":{"start":{"line":74,"column":2},"end":{"line":83,"column":25}},"10":{"start":{"line":86,"column":24},"end":{"line":94,"column":1}},"11":{"start":{"line":87,"column":2},"end":{"line":93,"column":25}},"12":{"start":{"line":96,"column":27},"end":{"line":101,"column":1}},"13":{"start":{"line":97,"column":2},"end":{"line":100,"column":9}},"14":{"start":{"line":103,"column":22},"end":{"line":109,"column":1}},"15":{"start":{"line":104,"column":2},"end":{"line":108,"column":9}},"16":{"start":{"line":112,"column":0},"end":{"line":121,"column":2}}},"fnMap":{"0":{"name":"(anonymous_0)","decl":{"start":{"line":2,"column":30},"end":{"line":2,"column":31}},"loc":{"start":{"line":3,"column":2},"end":{"line":15,"column":34}},"line":3},"1":{"name":"(anonymous_1)","decl":{"start":{"line":19,"column":40},"end":{"line":19,"column":41}},"loc":{"start":{"line":20,"column":2},"end":{"line":36,"column":37}},"line":20},"2":{"name":"(anonymous_2)","decl":{"start":{"line":40,"column":25},"end":{"line":40,"column":26}},"loc":{"start":{"line":41,"column":2},"end":{"line":53,"column":34}},"line":41},"3":{"name":"(anonymous_3)","decl":{"start":{"line":57,"column":35},"end":{"line":57,"column":36}},"loc":{"start":{"line":58,"column":2},"end":{"line":70,"column":44}},"line":58},"4":{"name":"(anonymous_4)","decl":{"start":{"line":73,"column":29},"end":{"line":73,"column":30}},"loc":{"start":{"line":74,"column":2},"end":{"line":83,"column":25}},"line":74},"5":{"name":"(anonymous_5)","decl":{"start":{"line":86,"column":24},"end":{"line":86,"column":25}},"loc":{"start":{"line":87,"column":2},"end":{"line":93,"column":25}},"line":87},"6":{"name":"(anonymous_6)","decl":{"start":{"line":96,"column":27},"end":{"line":96,"column":28}},"loc":{"start":{"line":97,"column":2},"end":{"line":100,"column":9}},"line":97},"7":{"name":"(anonymous_7)","decl":{"start":{"line":103,"column":22},"end":{"line":103,"column":23}},"loc":{"start":{"line":104,"column":2},"end":{"line":108,"column":9}},"line":104}},"branchMap":{},"s":{"0":4,"1":0,"2":4,"3":0,"4":4,"5":0,"6":4,"7":0,"8":4,"9":0,"10":4,"11":0,"12":4,"13":0,"14":4,"15":0,"16":4},"f":{"0":0,"1":0,"2":0,"3":0,"4":0,"5":0,"6":0,"7":0},"b":{},"_coverageSchema":"1a1c01bbd47fc00a2c39e90264f33305004495a9","hash":"36e51c9210282233d07e06fee2eaa86d2041557a"}
,"/Users/jamie/Projects/squid-beak-cli/lib/file-creators/page-files.js": {"path":"/Users/jamie/Projects/squid-beak-cli/lib/file-creators/page-files.js","statementMap":{"0":{"start":{"line":1,"column":13},"end":{"line":1,"column":28}},"1":{"start":{"line":2,"column":11},"end":{"line":2,"column":30}},"2":{"start":{"line":3,"column":19},"end":{"line":3,"column":41}},"3":{"start":{"line":4,"column":15},"end":{"line":4,"column":40}},"4":{"start":{"line":5,"column":20},"end":{"line":5,"column":45}},"5":{"start":{"line":7,"column":28},"end":{"line":14,"column":1}},"6":{"start":{"line":8,"column":2},"end":{"line":12,"column":4}},"7":{"start":{"line":13,"column":2},"end":{"line":13,"column":90}},"8":{"start":{"line":16,"column":28},"end":{"line":27,"column":1}},"9":{"start":{"line":17,"column":26},"end":{"line":17,"column":45}},"10":{"start":{"line":18,"column":2},"end":{"line":22,"column":3}},"11":{"start":{"line":19,"column":4},"end":{"line":19,"column":52}},"12":{"start":{"line":21,"column":4},"end":{"line":21,"column":34}},"13":{"start":{"line":23,"column":2},"end":{"line":23,"column":61}},"14":{"start":{"line":24,"column":2},"end":{"line":24,"column":60}},"15":{"start":{"line":25,"column":2},"end":{"line":25,"column":58}},"16":{"start":{"line":26,"column":2},"end":{"line":26,"column":57}},"17":{"start":{"line":29,"column":26},"end":{"line":48,"column":1}},"18":{"start":{"line":30,"column":24},"end":{"line":30,"column":41}},"19":{"start":{"line":31,"column":22},"end":{"line":31,"column":42}},"20":{"start":{"line":32,"column":2},"end":{"line":32,"column":30}},"21":{"start":{"line":33,"column":2},"end":{"line":46,"column":4}},"22":{"start":{"line":47,"column":2},"end":{"line":47,"column":92}},"23":{"start":{"line":49,"column":0},"end":{"line":53,"column":2}}},"fnMap":{"0":{"name":"(anonymous_0)","decl":{"start":{"line":7,"column":28},"end":{"line":7,"column":29}},"loc":{"start":{"line":7,"column":48},"end":{"line":14,"column":1}},"line":7},"1":{"name":"(anonymous_1)","decl":{"start":{"line":16,"column":28},"end":{"line":16,"column":29}},"loc":{"start":{"line":16,"column":48},"end":{"line":27,"column":1}},"line":16},"2":{"name":"(anonymous_2)","decl":{"start":{"line":29,"column":26},"end":{"line":29,"column":27}},"loc":{"start":{"line":29,"column":46},"end":{"line":48,"column":1}},"line":29}},"branchMap":{"0":{"loc":{"start":{"line":18,"column":2},"end":{"line":22,"column":3}},"type":"if","locations":[{"start":{"line":18,"column":2},"end":{"line":22,"column":3}},{"start":{"line":18,"column":2},"end":{"line":22,"column":3}}],"line":18}},"s":{"0":2,"1":2,"2":2,"3":2,"4":2,"5":2,"6":1,"7":1,"8":2,"9":2,"10":2,"11":1,"12":1,"13":1,"14":1,"15":1,"16":1,"17":2,"18":1,"19":1,"20":1,"21":1,"22":1,"23":2},"f":{"0":1,"1":2,"2":1},"b":{"0":[1,1]},"_coverageSchema":"1a1c01bbd47fc00a2c39e90264f33305004495a9","hash":"231bcdc4b1c48372be872bc3f1068eb528ec5066"}
,"/Users/jamie/Projects/squid-beak-cli/lib/file-creators/shared-files.js": {"path":"/Users/jamie/Projects/squid-beak-cli/lib/file-creators/shared-files.js","statementMap":{"0":{"start":{"line":1,"column":11},"end":{"line":1,"column":30}},"1":{"start":{"line":2,"column":13},"end":{"line":2,"column":28}},"2":{"start":{"line":3,"column":15},"end":{"line":3,"column":40}},"3":{"start":{"line":4,"column":19},"end":{"line":4,"column":41}},"4":{"start":{"line":5,"column":18},"end":{"line":5,"column":45}},"5":{"start":{"line":12,"column":24},"end":{"line":20,"column":1}},"6":{"start":{"line":13,"column":2},"end":{"line":18,"column":4}},"7":{"start":{"line":19,"column":2},"end":{"line":19,"column":85}},"8":{"start":{"line":22,"column":27},"end":{"line":30,"column":1}},"9":{"start":{"line":23,"column":26},"end":{"line":23,"column":33}},"10":{"start":{"line":24,"column":2},"end":{"line":28,"column":4}},"11":{"start":{"line":29,"column":2},"end":{"line":29,"column":88}},"12":{"start":{"line":32,"column":28},"end":{"line":51,"column":1}},"13":{"start":{"line":33,"column":39},"end":{"line":33,"column":46}},"14":{"start":{"line":35,"column":2},"end":{"line":43,"column":3}},"15":{"start":{"line":36,"column":4},"end":{"line":36,"column":63}},"16":{"start":{"line":37,"column":9},"end":{"line":43,"column":3}},"17":{"start":{"line":38,"column":4},"end":{"line":38,"column":58}},"18":{"start":{"line":39,"column":9},"end":{"line":43,"column":3}},"19":{"start":{"line":40,"column":4},"end":{"line":40,"column":73}},"20":{"start":{"line":42,"column":4},"end":{"line":42,"column":68}},"21":{"start":{"line":46,"column":2},"end":{"line":49,"column":4}},"22":{"start":{"line":50,"column":2},"end":{"line":50,"column":89}},"23":{"start":{"line":53,"column":25},"end":{"line":61,"column":1}},"24":{"start":{"line":54,"column":26},"end":{"line":54,"column":33}},"25":{"start":{"line":55,"column":2},"end":{"line":59,"column":4}},"26":{"start":{"line":60,"column":2},"end":{"line":60,"column":85}},"27":{"start":{"line":63,"column":0},"end":{"line":68,"column":2}}},"fnMap":{"0":{"name":"(anonymous_0)","decl":{"start":{"line":12,"column":24},"end":{"line":12,"column":25}},"loc":{"start":{"line":12,"column":49},"end":{"line":20,"column":1}},"line":12},"1":{"name":"(anonymous_1)","decl":{"start":{"line":22,"column":27},"end":{"line":22,"column":28}},"loc":{"start":{"line":22,"column":61},"end":{"line":30,"column":1}},"line":22},"2":{"name":"(anonymous_2)","decl":{"start":{"line":32,"column":28},"end":{"line":32,"column":29}},"loc":{"start":{"line":32,"column":62},"end":{"line":51,"column":1}},"line":32},"3":{"name":"(anonymous_3)","decl":{"start":{"line":53,"column":25},"end":{"line":53,"column":26}},"loc":{"start":{"line":53,"column":59},"end":{"line":61,"column":1}},"line":53}},"branchMap":{"0":{"loc":{"start":{"line":26,"column":4},"end":{"line":27,"column":96}},"type":"cond-expr","locations":[{"start":{"line":27,"column":8},"end":{"line":27,"column":53}},{"start":{"line":27,"column":56},"end":{"line":27,"column":96}}],"line":26},"1":{"loc":{"start":{"line":35,"column":2},"end":{"line":43,"column":3}},"type":"if","locations":[{"start":{"line":35,"column":2},"end":{"line":43,"column":3}},{"start":{"line":35,"column":2},"end":{"line":43,"column":3}}],"line":35},"2":{"loc":{"start":{"line":35,"column":6},"end":{"line":35,"column":32}},"type":"binary-expr","locations":[{"start":{"line":35,"column":6},"end":{"line":35,"column":17}},{"start":{"line":35,"column":21},"end":{"line":35,"column":32}}],"line":35},"3":{"loc":{"start":{"line":37,"column":9},"end":{"line":43,"column":3}},"type":"if","locations":[{"start":{"line":37,"column":9},"end":{"line":43,"column":3}},{"start":{"line":37,"column":9},"end":{"line":43,"column":3}}],"line":37},"4":{"loc":{"start":{"line":37,"column":13},"end":{"line":37,"column":40}},"type":"binary-expr","locations":[{"start":{"line":37,"column":13},"end":{"line":37,"column":24}},{"start":{"line":37,"column":28},"end":{"line":37,"column":40}}],"line":37},"5":{"loc":{"start":{"line":39,"column":9},"end":{"line":43,"column":3}},"type":"if","locations":[{"start":{"line":39,"column":9},"end":{"line":43,"column":3}},{"start":{"line":39,"column":9},"end":{"line":43,"column":3}}],"line":39},"6":{"loc":{"start":{"line":39,"column":13},"end":{"line":39,"column":40}},"type":"binary-expr","locations":[{"start":{"line":39,"column":13},"end":{"line":39,"column":25}},{"start":{"line":39,"column":29},"end":{"line":39,"column":40}}],"line":39},"7":{"loc":{"start":{"line":57,"column":4},"end":{"line":58,"column":66}},"type":"cond-expr","locations":[{"start":{"line":58,"column":8},"end":{"line":58,"column":38}},{"start":{"line":58,"column":41},"end":{"line":58,"column":66}}],"line":57}},"s":{"0":4,"1":4,"2":4,"3":4,"4":4,"5":4,"6":1,"7":1,"8":4,"9":2,"10":2,"11":2,"12":4,"13":4,"14":4,"15":1,"16":3,"17":1,"18":2,"19":1,"20":1,"21":4,"22":4,"23":4,"24":2,"25":2,"26":2,"27":4},"f":{"0":1,"1":2,"2":4,"3":2},"b":{"0":[1,1],"1":[1,3],"2":[4,2],"3":[1,2],"4":[3,1],"5":[1,1],"6":[2,2],"7":[1,1]},"_coverageSchema":"1a1c01bbd47fc00a2c39e90264f33305004495a9","hash":"4df22d16af947be0e5038774b4f2d2f80dbe0f0a"}
,"/Users/jamie/Projects/squid-beak-cli/lib/initializers/add-files.js": {"path":"/Users/jamie/Projects/squid-beak-cli/lib/initializers/add-files.js","statementMap":{"0":{"start":{"line":1,"column":13},"end":{"line":1,"column":28}},"1":{"start":{"line":2,"column":11},"end":{"line":2,"column":30}},"2":{"start":{"line":3,"column":15},"end":{"line":3,"column":40}},"3":{"start":{"line":10,"column":19},"end":{"line":12,"column":1}},"4":{"start":{"line":11,"column":2},"end":{"line":11,"column":91}},"5":{"start":{"line":14,"column":19},"end":{"line":27,"column":1}},"6":{"start":{"line":34,"column":18},"end":{"line":42,"column":1}},"7":{"start":{"line":35,"column":2},"end":{"line":41,"column":5}},"8":{"start":{"line":36,"column":4},"end":{"line":39,"column":7}},"9":{"start":{"line":37,"column":6},"end":{"line":37,"column":24}},"10":{"start":{"line":38,"column":6},"end":{"line":38,"column":96}},"11":{"start":{"line":40,"column":4},"end":{"line":40,"column":50}},"12":{"start":{"line":44,"column":0},"end":{"line":47,"column":2}}},"fnMap":{"0":{"name":"(anonymous_0)","decl":{"start":{"line":10,"column":19},"end":{"line":10,"column":20}},"loc":{"start":{"line":10,"column":44},"end":{"line":12,"column":1}},"line":10},"1":{"name":"(anonymous_1)","decl":{"start":{"line":34,"column":18},"end":{"line":34,"column":19}},"loc":{"start":{"line":34,"column":44},"end":{"line":42,"column":1}},"line":34},"2":{"name":"(anonymous_2)","decl":{"start":{"line":35,"column":21},"end":{"line":35,"column":22}},"loc":{"start":{"line":35,"column":34},"end":{"line":41,"column":3}},"line":35},"3":{"name":"(anonymous_3)","decl":{"start":{"line":36,"column":23},"end":{"line":36,"column":24}},"loc":{"start":{"line":36,"column":31},"end":{"line":39,"column":5}},"line":36}},"branchMap":{},"s":{"0":2,"1":2,"2":2,"3":2,"4":0,"5":2,"6":2,"7":0,"8":0,"9":0,"10":0,"11":0,"12":2},"f":{"0":0,"1":0,"2":0,"3":0},"b":{},"_coverageSchema":"1a1c01bbd47fc00a2c39e90264f33305004495a9","hash":"bd37c075ef849251e564618a099f447fff0bac47"}
,"/Users/jamie/Projects/squid-beak-cli/lib/initializers/project-structure.js": {"path":"/Users/jamie/Projects/squid-beak-cli/lib/initializers/project-structure.js","statementMap":{"0":{"start":{"line":1,"column":12},"end":{"line":1,"column":31}},"1":{"start":{"line":2,"column":13},"end":{"line":2,"column":28}},"2":{"start":{"line":3,"column":11},"end":{"line":3,"column":30}},"3":{"start":{"line":4,"column":15},"end":{"line":4,"column":40}},"4":{"start":{"line":5,"column":17},"end":{"line":5,"column":45}},"5":{"start":{"line":11,"column":22},"end":{"line":30,"column":1}},"6":{"start":{"line":12,"column":2},"end":{"line":12,"column":23}},"7":{"start":{"line":13,"column":20},"end":{"line":25,"column":3}},"8":{"start":{"line":26,"column":2},"end":{"line":28,"column":3}},"9":{"start":{"line":27,"column":4},"end":{"line":27,"column":32}},"10":{"start":{"line":29,"column":2},"end":{"line":29,"column":19}},"11":{"start":{"line":39,"column":30},"end":{"line":51,"column":1}},"12":{"start":{"line":40,"column":14},"end":{"line":40,"column":36}},"13":{"start":{"line":41,"column":2},"end":{"line":41,"column":27}},"14":{"start":{"line":42,"column":2},"end":{"line":49,"column":5}},"15":{"start":{"line":43,"column":4},"end":{"line":47,"column":7}},"16":{"start":{"line":44,"column":6},"end":{"line":44,"column":21}},"17":{"start":{"line":45,"column":6},"end":{"line":45,"column":56}},"18":{"start":{"line":48,"column":4},"end":{"line":48,"column":18}},"19":{"start":{"line":58,"column":31},"end":{"line":71,"column":1}},"20":{"start":{"line":59,"column":2},"end":{"line":70,"column":5}},"21":{"start":{"line":60,"column":4},"end":{"line":69,"column":5}},"22":{"start":{"line":61,"column":6},"end":{"line":61,"column":58}},"23":{"start":{"line":63,"column":6},"end":{"line":63,"column":66}},"24":{"start":{"line":64,"column":6},"end":{"line":64,"column":64}},"25":{"start":{"line":65,"column":6},"end":{"line":65,"column":46}},"26":{"start":{"line":66,"column":6},"end":{"line":66,"column":34}},"27":{"start":{"line":67,"column":6},"end":{"line":67,"column":56}},"28":{"start":{"line":68,"column":6},"end":{"line":68,"column":69}},"29":{"start":{"line":72,"column":0},"end":{"line":75,"column":2}}},"fnMap":{"0":{"name":"(anonymous_0)","decl":{"start":{"line":11,"column":22},"end":{"line":11,"column":23}},"loc":{"start":{"line":11,"column":35},"end":{"line":30,"column":1}},"line":11},"1":{"name":"(anonymous_1)","decl":{"start":{"line":39,"column":30},"end":{"line":39,"column":31}},"loc":{"start":{"line":39,"column":56},"end":{"line":51,"column":1}},"line":39},"2":{"name":"(anonymous_2)","decl":{"start":{"line":42,"column":21},"end":{"line":42,"column":22}},"loc":{"start":{"line":42,"column":34},"end":{"line":49,"column":3}},"line":42},"3":{"name":"(anonymous_3)","decl":{"start":{"line":43,"column":16},"end":{"line":43,"column":17}},"loc":{"start":{"line":43,"column":23},"end":{"line":47,"column":5}},"line":43},"4":{"name":"(anonymous_4)","decl":{"start":{"line":58,"column":31},"end":{"line":58,"column":32}},"loc":{"start":{"line":58,"column":57},"end":{"line":71,"column":1}},"line":58},"5":{"name":"(anonymous_5)","decl":{"start":{"line":59,"column":21},"end":{"line":59,"column":22}},"loc":{"start":{"line":59,"column":48},"end":{"line":70,"column":3}},"line":59}},"branchMap":{"0":{"loc":{"start":{"line":26,"column":2},"end":{"line":28,"column":3}},"type":"if","locations":[{"start":{"line":26,"column":2},"end":{"line":28,"column":3}},{"start":{"line":26,"column":2},"end":{"line":28,"column":3}}],"line":26},"1":{"loc":{"start":{"line":60,"column":4},"end":{"line":69,"column":5}},"type":"if","locations":[{"start":{"line":60,"column":4},"end":{"line":69,"column":5}},{"start":{"line":60,"column":4},"end":{"line":69,"column":5}}],"line":60}},"s":{"0":2,"1":2,"2":2,"3":2,"4":2,"5":2,"6":3,"7":3,"8":3,"9":1,"10":3,"11":2,"12":3,"13":3,"14":3,"15":3,"16":34,"17":34,"18":3,"19":2,"20":2,"21":2,"22":1,"23":1,"24":1,"25":1,"26":1,"27":1,"28":1,"29":2},"f":{"0":3,"1":3,"2":3,"3":34,"4":2,"5":2},"b":{"0":[1,2],"1":[1,1]},"_coverageSchema":"1a1c01bbd47fc00a2c39e90264f33305004495a9","hash":"de570565962bf65390eba43eeab64938af0f7c64"}
,"/Users/jamie/Projects/squid-beak-cli/lib/util/cmd-async.js": {"path":"/Users/jamie/Projects/squid-beak-cli/lib/util/cmd-async.js","statementMap":{"0":{"start":{"line":1,"column":16},"end":{"line":1,"column":35}},"1":{"start":{"line":2,"column":12},"end":{"line":2,"column":31}},"2":{"start":{"line":4,"column":17},"end":{"line":4,"column":78}},"3":{"start":{"line":6,"column":0},"end":{"line":6,"column":26}}},"fnMap":{},"branchMap":{},"s":{"0":2,"1":2,"2":2,"3":2},"f":{},"b":{},"_coverageSchema":"1a1c01bbd47fc00a2c39e90264f33305004495a9","hash":"32001f40a276e2d9c10b4cb699c2ffa175a43144"}
,"/Users/jamie/Projects/squid-beak-cli/lib/util/format.js": {"path":"/Users/jamie/Projects/squid-beak-cli/lib/util/format.js","statementMap":{"0":{"start":{"line":1,"column":15},"end":{"line":1,"column":34}},"1":{"start":{"line":3,"column":23},"end":{"line":8,"column":1}},"2":{"start":{"line":4,"column":2},"end":{"line":6,"column":3}},"3":{"start":{"line":5,"column":4},"end":{"line":5,"column":64}},"4":{"start":{"line":7,"column":2},"end":{"line":7,"column":58}},"5":{"start":{"line":10,"column":25},"end":{"line":19,"column":1}},"6":{"start":{"line":11,"column":2},"end":{"line":13,"column":3}},"7":{"start":{"line":12,"column":4},"end":{"line":12,"column":64}},"8":{"start":{"line":14,"column":2},"end":{"line":17,"column":3}},"9":{"start":{"line":15,"column":22},"end":{"line":15,"column":37}},"10":{"start":{"line":16,"column":4},"end":{"line":16,"column":64}},"11":{"start":{"line":16,"column":33},"end":{"line":16,"column":53}},"12":{"start":{"line":18,"column":2},"end":{"line":18,"column":30}},"13":{"start":{"line":21,"column":0},"end":{"line":24,"column":2}}},"fnMap":{"0":{"name":"(anonymous_0)","decl":{"start":{"line":3,"column":23},"end":{"line":3,"column":24}},"loc":{"start":{"line":3,"column":33},"end":{"line":8,"column":1}},"line":3},"1":{"name":"(anonymous_1)","decl":{"start":{"line":10,"column":25},"end":{"line":10,"column":26}},"loc":{"start":{"line":10,"column":35},"end":{"line":19,"column":1}},"line":10},"2":{"name":"(anonymous_2)","decl":{"start":{"line":16,"column":25},"end":{"line":16,"column":26}},"loc":{"start":{"line":16,"column":33},"end":{"line":16,"column":53}},"line":16}},"branchMap":{"0":{"loc":{"start":{"line":4,"column":2},"end":{"line":6,"column":3}},"type":"if","locations":[{"start":{"line":4,"column":2},"end":{"line":6,"column":3}},{"start":{"line":4,"column":2},"end":{"line":6,"column":3}}],"line":4},"1":{"loc":{"start":{"line":11,"column":2},"end":{"line":13,"column":3}},"type":"if","locations":[{"start":{"line":11,"column":2},"end":{"line":13,"column":3}},{"start":{"line":11,"column":2},"end":{"line":13,"column":3}}],"line":11},"2":{"loc":{"start":{"line":14,"column":2},"end":{"line":17,"column":3}},"type":"if","locations":[{"start":{"line":14,"column":2},"end":{"line":17,"column":3}},{"start":{"line":14,"column":2},"end":{"line":17,"column":3}}],"line":14}},"s":{"0":3,"1":3,"2":11,"3":1,"4":10,"5":3,"6":9,"7":1,"8":8,"9":1,"10":1,"11":2,"12":7,"13":3},"f":{"0":11,"1":9,"2":2},"b":{"0":[1,10],"1":[1,8],"2":[1,7]},"_coverageSchema":"1a1c01bbd47fc00a2c39e90264f33305004495a9","hash":"fa8b9858843c61eda6ffec37ea9a6584f1c69fc1"}
,"/Users/jamie/Projects/squid-beak-cli/lib/util/logger.js": {"path":"/Users/jamie/Projects/squid-beak-cli/lib/util/logger.js","statementMap":{"0":{"start":{"line":1,"column":14},"end":{"line":1,"column":30}},"1":{"start":{"line":3,"column":14},"end":{"line":3,"column":28}},"2":{"start":{"line":4,"column":16},"end":{"line":4,"column":28}},"3":{"start":{"line":5,"column":16},"end":{"line":5,"column":40}},"4":{"start":{"line":6,"column":16},"end":{"line":6,"column":27}},"5":{"start":{"line":7,"column":13},"end":{"line":7,"column":23}},"6":{"start":{"line":9,"column":15},"end":{"line":15,"column":1}},"7":{"start":{"line":16,"column":0},"end":{"line":16,"column":24}}},"fnMap":{},"branchMap":{},"s":{"0":10,"1":10,"2":10,"3":10,"4":10,"5":10,"6":10,"7":10},"f":{},"b":{},"_coverageSchema":"1a1c01bbd47fc00a2c39e90264f33305004495a9","hash":"ba9f29dd15eb108c096986225b5fa2e5d19429c7"}
}
