{"/Users/jamie/Projects/squid-beak-cli/lib/page/page-files.js": {"path":"/Users/jamie/Projects/squid-beak-cli/lib/page/page-files.js","statementMap":{"0":{"start":{"line":1,"column":13},"end":{"line":1,"column":28}},"1":{"start":{"line":2,"column":11},"end":{"line":2,"column":30}},"2":{"start":{"line":3,"column":15},"end":{"line":3,"column":40}},"3":{"start":{"line":4,"column":20},"end":{"line":4,"column":53}},"4":{"start":{"line":5,"column":22},"end":{"line":5,"column":49}},"5":{"start":{"line":7,"column":28},"end":{"line":13,"column":1}},"6":{"start":{"line":8,"column":2},"end":{"line":11,"column":4}},"7":{"start":{"line":12,"column":2},"end":{"line":12,"column":61}},"8":{"start":{"line":15,"column":28},"end":{"line":30,"column":1}},"9":{"start":{"line":16,"column":26},"end":{"line":16,"column":45}},"10":{"start":{"line":17,"column":2},"end":{"line":21,"column":3}},"11":{"start":{"line":18,"column":4},"end":{"line":18,"column":38}},"12":{"start":{"line":20,"column":4},"end":{"line":20,"column":34}},"13":{"start":{"line":22,"column":26},"end":{"line":22,"column":33}},"14":{"start":{"line":23,"column":2},"end":{"line":26,"column":3}},"15":{"start":{"line":24,"column":4},"end":{"line":24,"column":68}},"16":{"start":{"line":25,"column":4},"end":{"line":25,"column":75}},"17":{"start":{"line":27,"column":2},"end":{"line":27,"column":74}},"18":{"start":{"line":28,"column":2},"end":{"line":28,"column":67}},"19":{"start":{"line":32,"column":26},"end":{"line":41,"column":1}},"20":{"start":{"line":33,"column":24},"end":{"line":33,"column":41}},"21":{"start":{"line":34,"column":22},"end":{"line":34,"column":42}},"22":{"start":{"line":35,"column":2},"end":{"line":35,"column":30}},"23":{"start":{"line":36,"column":2},"end":{"line":39,"column":4}},"24":{"start":{"line":40,"column":2},"end":{"line":40,"column":63}},"25":{"start":{"line":42,"column":0},"end":{"line":46,"column":2}}},"fnMap":{"0":{"name":"(anonymous_0)","decl":{"start":{"line":7,"column":28},"end":{"line":7,"column":29}},"loc":{"start":{"line":7,"column":48},"end":{"line":13,"column":1}},"line":7},"1":{"name":"(anonymous_1)","decl":{"start":{"line":15,"column":28},"end":{"line":15,"column":29}},"loc":{"start":{"line":15,"column":57},"end":{"line":30,"column":1}},"line":15},"2":{"name":"(anonymous_2)","decl":{"start":{"line":32,"column":26},"end":{"line":32,"column":27}},"loc":{"start":{"line":32,"column":46},"end":{"line":41,"column":1}},"line":32}},"branchMap":{"0":{"loc":{"start":{"line":17,"column":2},"end":{"line":21,"column":3}},"type":"if","locations":[{"start":{"line":17,"column":2},"end":{"line":21,"column":3}},{"start":{"line":17,"column":2},"end":{"line":21,"column":3}}],"line":17},"1":{"loc":{"start":{"line":23,"column":2},"end":{"line":26,"column":3}},"type":"if","locations":[{"start":{"line":23,"column":2},"end":{"line":26,"column":3}},{"start":{"line":23,"column":2},"end":{"line":26,"column":3}}],"line":23}},"s":{"0":1,"1":1,"2":1,"3":1,"4":1,"5":1,"6":1,"7":1,"8":1,"9":2,"10":2,"11":1,"12":1,"13":1,"14":1,"15":1,"16":1,"17":1,"18":1,"19":1,"20":1,"21":1,"22":1,"23":1,"24":1,"25":1},"f":{"0":1,"1":2,"2":1},"b":{"0":[1,1],"1":[1,0]},"_coverageSchema":"1a1c01bbd47fc00a2c39e90264f33305004495a9","hash":"a4199c8a2a6bccbd89c77cae23faad97d544df71"}
,"/Users/jamie/Projects/squid-beak-cli/lib/page/page-templates.js": {"path":"/Users/jamie/Projects/squid-beak-cli/lib/page/page-templates.js","statementMap":{"0":{"start":{"line":1,"column":22},"end":{"line":4,"column":1}},"1":{"start":{"line":2,"column":2},"end":{"line":3,"column":29}},"2":{"start":{"line":6,"column":20},"end":{"line":18,"column":1}},"3":{"start":{"line":7,"column":2},"end":{"line":17,"column":32}},"4":{"start":{"line":21,"column":29},"end":{"line":34,"column":1}},"5":{"start":{"line":22,"column":2},"end":{"line":33,"column":25}},"6":{"start":{"line":37,"column":24},"end":{"line":47,"column":1}},"7":{"start":{"line":38,"column":2},"end":{"line":46,"column":25}},"8":{"start":{"line":49,"column":47},"end":{"line":69,"column":1}},"9":{"start":{"line":50,"column":2},"end":{"line":68,"column":38}},"10":{"start":{"line":71,"column":42},"end":{"line":89,"column":1}},"11":{"start":{"line":72,"column":2},"end":{"line":88,"column":38}},"12":{"start":{"line":91,"column":0},"end":{"line":98,"column":2}}},"fnMap":{"0":{"name":"(anonymous_0)","decl":{"start":{"line":1,"column":22},"end":{"line":1,"column":23}},"loc":{"start":{"line":2,"column":2},"end":{"line":3,"column":29}},"line":2},"1":{"name":"(anonymous_1)","decl":{"start":{"line":6,"column":20},"end":{"line":6,"column":21}},"loc":{"start":{"line":7,"column":2},"end":{"line":17,"column":32}},"line":7},"2":{"name":"(anonymous_2)","decl":{"start":{"line":21,"column":29},"end":{"line":21,"column":30}},"loc":{"start":{"line":22,"column":2},"end":{"line":33,"column":25}},"line":22},"3":{"name":"(anonymous_3)","decl":{"start":{"line":37,"column":24},"end":{"line":37,"column":25}},"loc":{"start":{"line":38,"column":2},"end":{"line":46,"column":25}},"line":38},"4":{"name":"(anonymous_4)","decl":{"start":{"line":49,"column":47},"end":{"line":49,"column":48}},"loc":{"start":{"line":50,"column":2},"end":{"line":68,"column":38}},"line":50},"5":{"name":"(anonymous_5)","decl":{"start":{"line":71,"column":42},"end":{"line":71,"column":43}},"loc":{"start":{"line":72,"column":2},"end":{"line":88,"column":38}},"line":72}},"branchMap":{},"s":{"0":2,"1":1,"2":2,"3":1,"4":2,"5":0,"6":2,"7":0,"8":2,"9":0,"10":2,"11":0,"12":2},"f":{"0":1,"1":1,"2":0,"3":0,"4":0,"5":0},"b":{},"_coverageSchema":"1a1c01bbd47fc00a2c39e90264f33305004495a9","hash":"8ff13690d6435c07776664f6655c2dae800ecd9d"}
,"/Users/jamie/Projects/squid-beak-cli/lib/project/add-files-to-project.js": {"path":"/Users/jamie/Projects/squid-beak-cli/lib/project/add-files-to-project.js","statementMap":{"0":{"start":{"line":1,"column":13},"end":{"line":1,"column":28}},"1":{"start":{"line":2,"column":11},"end":{"line":2,"column":30}},"2":{"start":{"line":3,"column":18},"end":{"line":3,"column":47}},"3":{"start":{"line":10,"column":19},"end":{"line":12,"column":1}},"4":{"start":{"line":11,"column":2},"end":{"line":11,"column":91}},"5":{"start":{"line":14,"column":25},"end":{"line":27,"column":1}},"6":{"start":{"line":29,"column":28},"end":{"line":31,"column":1}},"7":{"start":{"line":32,"column":26},"end":{"line":34,"column":1}},"8":{"start":{"line":37,"column":31},"end":{"line":39,"column":1}},"9":{"start":{"line":41,"column":24},"end":{"line":43,"column":1}},"10":{"start":{"line":46,"column":26},"end":{"line":48,"column":1}},"11":{"start":{"line":55,"column":18},"end":{"line":96,"column":1}},"12":{"start":{"line":56,"column":2},"end":{"line":56,"column":23}},"13":{"start":{"line":57,"column":2},"end":{"line":95,"column":3}},"14":{"start":{"line":58,"column":25},"end":{"line":58,"column":27}},"15":{"start":{"line":59,"column":4},"end":{"line":64,"column":5}},"16":{"start":{"line":60,"column":24},"end":{"line":62,"column":8}},"17":{"start":{"line":61,"column":8},"end":{"line":61,"column":117}},"18":{"start":{"line":63,"column":6},"end":{"line":63,"column":35}},"19":{"start":{"line":65,"column":21},"end":{"line":67,"column":6}},"20":{"start":{"line":66,"column":6},"end":{"line":66,"column":104}},"21":{"start":{"line":68,"column":4},"end":{"line":68,"column":32}},"22":{"start":{"line":70,"column":30},"end":{"line":72,"column":6}},"23":{"start":{"line":71,"column":6},"end":{"line":71,"column":119}},"24":{"start":{"line":73,"column":4},"end":{"line":73,"column":41}},"25":{"start":{"line":75,"column":26},"end":{"line":77,"column":6}},"26":{"start":{"line":76,"column":6},"end":{"line":76,"column":114}},"27":{"start":{"line":78,"column":4},"end":{"line":78,"column":37}},"28":{"start":{"line":80,"column":24},"end":{"line":82,"column":6}},"29":{"start":{"line":81,"column":6},"end":{"line":81,"column":116}},"30":{"start":{"line":83,"column":4},"end":{"line":83,"column":35}},"31":{"start":{"line":85,"column":25},"end":{"line":87,"column":6}},"32":{"start":{"line":86,"column":6},"end":{"line":86,"column":114}},"33":{"start":{"line":88,"column":4},"end":{"line":88,"column":36}},"34":{"start":{"line":90,"column":4},"end":{"line":90,"column":36}},"35":{"start":{"line":91,"column":4},"end":{"line":91,"column":38}},"36":{"start":{"line":93,"column":4},"end":{"line":93,"column":30}},"37":{"start":{"line":94,"column":4},"end":{"line":94,"column":31}},"38":{"start":{"line":98,"column":0},"end":{"line":101,"column":2}}},"fnMap":{"0":{"name":"(anonymous_0)","decl":{"start":{"line":10,"column":19},"end":{"line":10,"column":20}},"loc":{"start":{"line":10,"column":44},"end":{"line":12,"column":1}},"line":10},"1":{"name":"(anonymous_1)","decl":{"start":{"line":55,"column":18},"end":{"line":55,"column":19}},"loc":{"start":{"line":55,"column":50},"end":{"line":96,"column":1}},"line":55},"2":{"name":"(anonymous_2)","decl":{"start":{"line":60,"column":54},"end":{"line":60,"column":55}},"loc":{"start":{"line":61,"column":8},"end":{"line":61,"column":117}},"line":61},"3":{"name":"(anonymous_3)","decl":{"start":{"line":65,"column":48},"end":{"line":65,"column":49}},"loc":{"start":{"line":66,"column":6},"end":{"line":66,"column":104}},"line":66},"4":{"name":"(anonymous_4)","decl":{"start":{"line":70,"column":63},"end":{"line":70,"column":64}},"loc":{"start":{"line":71,"column":6},"end":{"line":71,"column":119}},"line":71},"5":{"name":"(anonymous_5)","decl":{"start":{"line":75,"column":54},"end":{"line":75,"column":55}},"loc":{"start":{"line":76,"column":6},"end":{"line":76,"column":114}},"line":76},"6":{"name":"(anonymous_6)","decl":{"start":{"line":80,"column":50},"end":{"line":80,"column":51}},"loc":{"start":{"line":80,"column":64},"end":{"line":82,"column":5}},"line":80},"7":{"name":"(anonymous_7)","decl":{"start":{"line":85,"column":53},"end":{"line":85,"column":54}},"loc":{"start":{"line":86,"column":6},"end":{"line":86,"column":114}},"line":86}},"branchMap":{"0":{"loc":{"start":{"line":59,"column":4},"end":{"line":64,"column":5}},"type":"if","locations":[{"start":{"line":59,"column":4},"end":{"line":64,"column":5}},{"start":{"line":59,"column":4},"end":{"line":64,"column":5}}],"line":59}},"s":{"0":1,"1":1,"2":1,"3":1,"4":0,"5":1,"6":1,"7":1,"8":1,"9":1,"10":1,"11":1,"12":2,"13":2,"14":2,"15":2,"16":1,"17":1,"18":1,"19":2,"20":24,"21":2,"22":2,"23":2,"24":2,"25":2,"26":2,"27":2,"28":2,"29":2,"30":2,"31":2,"32":2,"33":2,"34":2,"35":2,"36":0,"37":0,"38":1},"f":{"0":0,"1":2,"2":1,"3":24,"4":2,"5":2,"6":2,"7":2},"b":{"0":[1,1]},"_coverageSchema":"1a1c01bbd47fc00a2c39e90264f33305004495a9","hash":"b767294faecc7ab7f47d4a9198db032c1e526a37"}
,"/Users/jamie/Projects/squid-beak-cli/lib/project/project-structure.js": {"path":"/Users/jamie/Projects/squid-beak-cli/lib/project/project-structure.js","statementMap":{"0":{"start":{"line":1,"column":13},"end":{"line":1,"column":28}},"1":{"start":{"line":2,"column":11},"end":{"line":2,"column":30}},"2":{"start":{"line":3,"column":15},"end":{"line":3,"column":40}},"3":{"start":{"line":9,"column":22},"end":{"line":30,"column":1}},"4":{"start":{"line":10,"column":20},"end":{"line":22,"column":3}},"5":{"start":{"line":23,"column":2},"end":{"line":25,"column":3}},"6":{"start":{"line":24,"column":4},"end":{"line":24,"column":32}},"7":{"start":{"line":26,"column":2},"end":{"line":28,"column":3}},"8":{"start":{"line":27,"column":4},"end":{"line":27,"column":33}},"9":{"start":{"line":29,"column":2},"end":{"line":29,"column":19}},"10":{"start":{"line":39,"column":30},"end":{"line":49,"column":1}},"11":{"start":{"line":40,"column":14},"end":{"line":40,"column":36}},"12":{"start":{"line":41,"column":2},"end":{"line":47,"column":5}},"13":{"start":{"line":42,"column":4},"end":{"line":45,"column":7}},"14":{"start":{"line":43,"column":6},"end":{"line":43,"column":56}},"15":{"start":{"line":46,"column":4},"end":{"line":46,"column":18}},"16":{"start":{"line":56,"column":31},"end":{"line":68,"column":1}},"17":{"start":{"line":57,"column":2},"end":{"line":67,"column":5}},"18":{"start":{"line":58,"column":4},"end":{"line":66,"column":5}},"19":{"start":{"line":59,"column":6},"end":{"line":59,"column":58}},"20":{"start":{"line":61,"column":6},"end":{"line":61,"column":53}},"21":{"start":{"line":62,"column":6},"end":{"line":62,"column":51}},"22":{"start":{"line":63,"column":6},"end":{"line":63,"column":46}},"23":{"start":{"line":64,"column":6},"end":{"line":64,"column":56}},"24":{"start":{"line":65,"column":6},"end":{"line":65,"column":53}},"25":{"start":{"line":69,"column":0},"end":{"line":72,"column":2}}},"fnMap":{"0":{"name":"(anonymous_0)","decl":{"start":{"line":9,"column":22},"end":{"line":9,"column":23}},"loc":{"start":{"line":9,"column":35},"end":{"line":30,"column":1}},"line":9},"1":{"name":"(anonymous_1)","decl":{"start":{"line":39,"column":30},"end":{"line":39,"column":31}},"loc":{"start":{"line":39,"column":56},"end":{"line":49,"column":1}},"line":39},"2":{"name":"(anonymous_2)","decl":{"start":{"line":41,"column":21},"end":{"line":41,"column":22}},"loc":{"start":{"line":41,"column":34},"end":{"line":47,"column":3}},"line":41},"3":{"name":"(anonymous_3)","decl":{"start":{"line":42,"column":16},"end":{"line":42,"column":17}},"loc":{"start":{"line":42,"column":23},"end":{"line":45,"column":5}},"line":42},"4":{"name":"(anonymous_4)","decl":{"start":{"line":56,"column":31},"end":{"line":56,"column":32}},"loc":{"start":{"line":56,"column":57},"end":{"line":68,"column":1}},"line":56},"5":{"name":"(anonymous_5)","decl":{"start":{"line":57,"column":21},"end":{"line":57,"column":22}},"loc":{"start":{"line":57,"column":48},"end":{"line":67,"column":3}},"line":57}},"branchMap":{"0":{"loc":{"start":{"line":23,"column":2},"end":{"line":25,"column":3}},"type":"if","locations":[{"start":{"line":23,"column":2},"end":{"line":25,"column":3}},{"start":{"line":23,"column":2},"end":{"line":25,"column":3}}],"line":23},"1":{"loc":{"start":{"line":26,"column":2},"end":{"line":28,"column":3}},"type":"if","locations":[{"start":{"line":26,"column":2},"end":{"line":28,"column":3}},{"start":{"line":26,"column":2},"end":{"line":28,"column":3}}],"line":26},"2":{"loc":{"start":{"line":58,"column":4},"end":{"line":66,"column":5}},"type":"if","locations":[{"start":{"line":58,"column":4},"end":{"line":66,"column":5}},{"start":{"line":58,"column":4},"end":{"line":66,"column":5}}],"line":58}},"s":{"0":1,"1":1,"2":1,"3":1,"4":4,"5":4,"6":1,"7":4,"8":1,"9":4,"10":1,"11":4,"12":4,"13":4,"14":46,"15":4,"16":1,"17":2,"18":2,"19":1,"20":1,"21":1,"22":1,"23":1,"24":1,"25":1},"f":{"0":4,"1":4,"2":4,"3":46,"4":2,"5":2},"b":{"0":[1,3],"1":[1,3],"2":[1,1]},"_coverageSchema":"1a1c01bbd47fc00a2c39e90264f33305004495a9","hash":"6f454ea176bd103ddd0f75ca716c0733faff30f0"}
,"/Users/jamie/Projects/squid-beak-cli/lib/shared/file-templates.js": {"path":"/Users/jamie/Projects/squid-beak-cli/lib/shared/file-templates.js","statementMap":{"0":{"start":{"line":2,"column":30},"end":{"line":16,"column":1}},"1":{"start":{"line":3,"column":2},"end":{"line":15,"column":34}},"2":{"start":{"line":19,"column":40},"end":{"line":37,"column":1}},"3":{"start":{"line":20,"column":2},"end":{"line":36,"column":37}},"4":{"start":{"line":40,"column":25},"end":{"line":54,"column":1}},"5":{"start":{"line":41,"column":2},"end":{"line":53,"column":34}},"6":{"start":{"line":57,"column":35},"end":{"line":71,"column":1}},"7":{"start":{"line":58,"column":2},"end":{"line":70,"column":44}},"8":{"start":{"line":74,"column":29},"end":{"line":85,"column":1}},"9":{"start":{"line":75,"column":2},"end":{"line":84,"column":25}},"10":{"start":{"line":88,"column":24},"end":{"line":96,"column":1}},"11":{"start":{"line":89,"column":2},"end":{"line":95,"column":25}},"12":{"start":{"line":98,"column":27},"end":{"line":104,"column":1}},"13":{"start":{"line":99,"column":2},"end":{"line":103,"column":9}},"14":{"start":{"line":106,"column":22},"end":{"line":112,"column":1}},"15":{"start":{"line":107,"column":2},"end":{"line":111,"column":9}},"16":{"start":{"line":114,"column":18},"end":{"line":118,"column":1}},"17":{"start":{"line":115,"column":2},"end":{"line":117,"column":47}},"18":{"start":{"line":122,"column":26},"end":{"line":134,"column":1}},"19":{"start":{"line":123,"column":26},"end":{"line":123,"column":33}},"20":{"start":{"line":124,"column":26},"end":{"line":126,"column":67}},"21":{"start":{"line":127,"column":2},"end":{"line":133,"column":61}},"22":{"start":{"line":137,"column":0},"end":{"line":148,"column":2}}},"fnMap":{"0":{"name":"(anonymous_0)","decl":{"start":{"line":2,"column":30},"end":{"line":2,"column":31}},"loc":{"start":{"line":3,"column":2},"end":{"line":15,"column":34}},"line":3},"1":{"name":"(anonymous_1)","decl":{"start":{"line":19,"column":40},"end":{"line":19,"column":41}},"loc":{"start":{"line":20,"column":2},"end":{"line":36,"column":37}},"line":20},"2":{"name":"(anonymous_2)","decl":{"start":{"line":40,"column":25},"end":{"line":40,"column":26}},"loc":{"start":{"line":41,"column":2},"end":{"line":53,"column":34}},"line":41},"3":{"name":"(anonymous_3)","decl":{"start":{"line":57,"column":35},"end":{"line":57,"column":36}},"loc":{"start":{"line":58,"column":2},"end":{"line":70,"column":44}},"line":58},"4":{"name":"(anonymous_4)","decl":{"start":{"line":74,"column":29},"end":{"line":74,"column":30}},"loc":{"start":{"line":75,"column":2},"end":{"line":84,"column":25}},"line":75},"5":{"name":"(anonymous_5)","decl":{"start":{"line":88,"column":24},"end":{"line":88,"column":25}},"loc":{"start":{"line":89,"column":2},"end":{"line":95,"column":25}},"line":89},"6":{"name":"(anonymous_6)","decl":{"start":{"line":98,"column":27},"end":{"line":98,"column":28}},"loc":{"start":{"line":99,"column":2},"end":{"line":103,"column":9}},"line":99},"7":{"name":"(anonymous_7)","decl":{"start":{"line":106,"column":22},"end":{"line":106,"column":23}},"loc":{"start":{"line":107,"column":2},"end":{"line":111,"column":9}},"line":107},"8":{"name":"(anonymous_8)","decl":{"start":{"line":114,"column":18},"end":{"line":114,"column":19}},"loc":{"start":{"line":115,"column":2},"end":{"line":117,"column":47}},"line":115},"9":{"name":"(anonymous_9)","decl":{"start":{"line":122,"column":26},"end":{"line":122,"column":27}},"loc":{"start":{"line":122,"column":54},"end":{"line":134,"column":1}},"line":122}},"branchMap":{"0":{"loc":{"start":{"line":124,"column":26},"end":{"line":126,"column":67}},"type":"cond-expr","locations":[{"start":{"line":125,"column":6},"end":{"line":125,"column":46}},{"start":{"line":126,"column":6},"end":{"line":126,"column":67}}],"line":124}},"s":{"0":2,"1":0,"2":2,"3":0,"4":2,"5":0,"6":2,"7":0,"8":2,"9":0,"10":2,"11":0,"12":2,"13":0,"14":2,"15":0,"16":2,"17":0,"18":2,"19":0,"20":0,"21":0,"22":2},"f":{"0":0,"1":0,"2":0,"3":0,"4":0,"5":0,"6":0,"7":0,"8":0,"9":0},"b":{"0":[0,0]},"_coverageSchema":"1a1c01bbd47fc00a2c39e90264f33305004495a9","hash":"374e91cfc1a14da75097693c31580b83fa21892f"}
,"/Users/jamie/Projects/squid-beak-cli/lib/shared/shared-files.js": {"path":"/Users/jamie/Projects/squid-beak-cli/lib/shared/shared-files.js","statementMap":{"0":{"start":{"line":1,"column":11},"end":{"line":1,"column":30}},"1":{"start":{"line":2,"column":13},"end":{"line":2,"column":28}},"2":{"start":{"line":3,"column":15},"end":{"line":3,"column":40}},"3":{"start":{"line":4,"column":18},"end":{"line":4,"column":45}},"4":{"start":{"line":5,"column":22},"end":{"line":5,"column":55}},"5":{"start":{"line":12,"column":24},"end":{"line":18,"column":1}},"6":{"start":{"line":13,"column":2},"end":{"line":16,"column":4}},"7":{"start":{"line":17,"column":2},"end":{"line":17,"column":56}},"8":{"start":{"line":20,"column":27},"end":{"line":28,"column":1}},"9":{"start":{"line":21,"column":26},"end":{"line":21,"column":33}},"10":{"start":{"line":22,"column":2},"end":{"line":26,"column":4}},"11":{"start":{"line":27,"column":2},"end":{"line":27,"column":59}},"12":{"start":{"line":30,"column":31},"end":{"line":47,"column":1}},"13":{"start":{"line":31,"column":38},"end":{"line":31,"column":45}},"14":{"start":{"line":33,"column":2},"end":{"line":41,"column":3}},"15":{"start":{"line":34,"column":4},"end":{"line":34,"column":66}},"16":{"start":{"line":35,"column":9},"end":{"line":41,"column":3}},"17":{"start":{"line":36,"column":4},"end":{"line":36,"column":62}},"18":{"start":{"line":37,"column":9},"end":{"line":41,"column":3}},"19":{"start":{"line":38,"column":4},"end":{"line":38,"column":61}},"20":{"start":{"line":40,"column":4},"end":{"line":40,"column":57}},"21":{"start":{"line":42,"column":2},"end":{"line":45,"column":4}},"22":{"start":{"line":46,"column":2},"end":{"line":46,"column":59}},"23":{"start":{"line":49,"column":32},"end":{"line":66,"column":1}},"24":{"start":{"line":50,"column":51},"end":{"line":50,"column":58}},"25":{"start":{"line":51,"column":2},"end":{"line":65,"column":3}},"26":{"start":{"line":53,"column":4},"end":{"line":57,"column":5}},"27":{"start":{"line":54,"column":6},"end":{"line":54,"column":79}},"28":{"start":{"line":56,"column":6},"end":{"line":56,"column":81}},"29":{"start":{"line":58,"column":4},"end":{"line":61,"column":6}},"30":{"start":{"line":62,"column":4},"end":{"line":62,"column":62}},"31":{"start":{"line":64,"column":4},"end":{"line":64,"column":54}},"32":{"start":{"line":68,"column":28},"end":{"line":86,"column":1}},"33":{"start":{"line":69,"column":39},"end":{"line":69,"column":46}},"34":{"start":{"line":71,"column":2},"end":{"line":79,"column":3}},"35":{"start":{"line":72,"column":4},"end":{"line":72,"column":63}},"36":{"start":{"line":73,"column":9},"end":{"line":79,"column":3}},"37":{"start":{"line":74,"column":4},"end":{"line":74,"column":58}},"38":{"start":{"line":75,"column":9},"end":{"line":79,"column":3}},"39":{"start":{"line":76,"column":4},"end":{"line":76,"column":73}},"40":{"start":{"line":78,"column":4},"end":{"line":78,"column":68}},"41":{"start":{"line":81,"column":2},"end":{"line":84,"column":4}},"42":{"start":{"line":85,"column":2},"end":{"line":85,"column":60}},"43":{"start":{"line":88,"column":25},"end":{"line":96,"column":1}},"44":{"start":{"line":89,"column":26},"end":{"line":89,"column":33}},"45":{"start":{"line":90,"column":2},"end":{"line":94,"column":4}},"46":{"start":{"line":95,"column":2},"end":{"line":95,"column":56}},"47":{"start":{"line":98,"column":28},"end":{"line":104,"column":1}},"48":{"start":{"line":99,"column":2},"end":{"line":102,"column":4}},"49":{"start":{"line":103,"column":2},"end":{"line":103,"column":60}},"50":{"start":{"line":106,"column":0},"end":{"line":114,"column":2}}},"fnMap":{"0":{"name":"(anonymous_0)","decl":{"start":{"line":12,"column":24},"end":{"line":12,"column":25}},"loc":{"start":{"line":12,"column":49},"end":{"line":18,"column":1}},"line":12},"1":{"name":"(anonymous_1)","decl":{"start":{"line":20,"column":27},"end":{"line":20,"column":28}},"loc":{"start":{"line":20,"column":61},"end":{"line":28,"column":1}},"line":20},"2":{"name":"(anonymous_2)","decl":{"start":{"line":30,"column":31},"end":{"line":30,"column":32}},"loc":{"start":{"line":30,"column":65},"end":{"line":47,"column":1}},"line":30},"3":{"name":"(anonymous_3)","decl":{"start":{"line":49,"column":32},"end":{"line":49,"column":33}},"loc":{"start":{"line":49,"column":66},"end":{"line":66,"column":1}},"line":49},"4":{"name":"(anonymous_4)","decl":{"start":{"line":68,"column":28},"end":{"line":68,"column":29}},"loc":{"start":{"line":68,"column":62},"end":{"line":86,"column":1}},"line":68},"5":{"name":"(anonymous_5)","decl":{"start":{"line":88,"column":25},"end":{"line":88,"column":26}},"loc":{"start":{"line":88,"column":59},"end":{"line":96,"column":1}},"line":88},"6":{"name":"(anonymous_6)","decl":{"start":{"line":98,"column":28},"end":{"line":98,"column":29}},"loc":{"start":{"line":98,"column":62},"end":{"line":104,"column":1}},"line":98}},"branchMap":{"0":{"loc":{"start":{"line":24,"column":4},"end":{"line":25,"column":96}},"type":"cond-expr","locations":[{"start":{"line":25,"column":8},"end":{"line":25,"column":53}},{"start":{"line":25,"column":56},"end":{"line":25,"column":96}}],"line":24},"1":{"loc":{"start":{"line":33,"column":2},"end":{"line":41,"column":3}},"type":"if","locations":[{"start":{"line":33,"column":2},"end":{"line":41,"column":3}},{"start":{"line":33,"column":2},"end":{"line":41,"column":3}}],"line":33},"2":{"loc":{"start":{"line":33,"column":6},"end":{"line":33,"column":31}},"type":"binary-expr","locations":[{"start":{"line":33,"column":6},"end":{"line":33,"column":17}},{"start":{"line":33,"column":21},"end":{"line":33,"column":31}}],"line":33},"3":{"loc":{"start":{"line":35,"column":9},"end":{"line":41,"column":3}},"type":"if","locations":[{"start":{"line":35,"column":9},"end":{"line":41,"column":3}},{"start":{"line":35,"column":9},"end":{"line":41,"column":3}}],"line":35},"4":{"loc":{"start":{"line":35,"column":13},"end":{"line":35,"column":39}},"type":"binary-expr","locations":[{"start":{"line":35,"column":13},"end":{"line":35,"column":24}},{"start":{"line":35,"column":28},"end":{"line":35,"column":39}}],"line":35},"5":{"loc":{"start":{"line":37,"column":9},"end":{"line":41,"column":3}},"type":"if","locations":[{"start":{"line":37,"column":9},"end":{"line":41,"column":3}},{"start":{"line":37,"column":9},"end":{"line":41,"column":3}}],"line":37},"6":{"loc":{"start":{"line":37,"column":13},"end":{"line":37,"column":39}},"type":"binary-expr","locations":[{"start":{"line":37,"column":13},"end":{"line":37,"column":25}},{"start":{"line":37,"column":29},"end":{"line":37,"column":39}}],"line":37},"7":{"loc":{"start":{"line":51,"column":2},"end":{"line":65,"column":3}},"type":"if","locations":[{"start":{"line":51,"column":2},"end":{"line":65,"column":3}},{"start":{"line":51,"column":2},"end":{"line":65,"column":3}}],"line":51},"8":{"loc":{"start":{"line":51,"column":6},"end":{"line":51,"column":32}},"type":"binary-expr","locations":[{"start":{"line":51,"column":6},"end":{"line":51,"column":16}},{"start":{"line":51,"column":20},"end":{"line":51,"column":32}}],"line":51},"9":{"loc":{"start":{"line":53,"column":4},"end":{"line":57,"column":5}},"type":"if","locations":[{"start":{"line":53,"column":4},"end":{"line":57,"column":5}},{"start":{"line":53,"column":4},"end":{"line":57,"column":5}}],"line":53},"10":{"loc":{"start":{"line":71,"column":2},"end":{"line":79,"column":3}},"type":"if","locations":[{"start":{"line":71,"column":2},"end":{"line":79,"column":3}},{"start":{"line":71,"column":2},"end":{"line":79,"column":3}}],"line":71},"11":{"loc":{"start":{"line":71,"column":6},"end":{"line":71,"column":32}},"type":"binary-expr","locations":[{"start":{"line":71,"column":6},"end":{"line":71,"column":17}},{"start":{"line":71,"column":21},"end":{"line":71,"column":32}}],"line":71},"12":{"loc":{"start":{"line":73,"column":9},"end":{"line":79,"column":3}},"type":"if","locations":[{"start":{"line":73,"column":9},"end":{"line":79,"column":3}},{"start":{"line":73,"column":9},"end":{"line":79,"column":3}}],"line":73},"13":{"loc":{"start":{"line":73,"column":13},"end":{"line":73,"column":40}},"type":"binary-expr","locations":[{"start":{"line":73,"column":13},"end":{"line":73,"column":24}},{"start":{"line":73,"column":28},"end":{"line":73,"column":40}}],"line":73},"14":{"loc":{"start":{"line":75,"column":9},"end":{"line":79,"column":3}},"type":"if","locations":[{"start":{"line":75,"column":9},"end":{"line":79,"column":3}},{"start":{"line":75,"column":9},"end":{"line":79,"column":3}}],"line":75},"15":{"loc":{"start":{"line":75,"column":13},"end":{"line":75,"column":40}},"type":"binary-expr","locations":[{"start":{"line":75,"column":13},"end":{"line":75,"column":25}},{"start":{"line":75,"column":29},"end":{"line":75,"column":40}}],"line":75},"16":{"loc":{"start":{"line":92,"column":4},"end":{"line":93,"column":66}},"type":"cond-expr","locations":[{"start":{"line":93,"column":8},"end":{"line":93,"column":38}},{"start":{"line":93,"column":41},"end":{"line":93,"column":66}}],"line":92}},"s":{"0":2,"1":2,"2":2,"3":2,"4":2,"5":2,"6":1,"7":1,"8":2,"9":2,"10":2,"11":2,"12":2,"13":0,"14":0,"15":0,"16":0,"17":0,"18":0,"19":0,"20":0,"21":0,"22":0,"23":2,"24":0,"25":0,"26":0,"27":0,"28":0,"29":0,"30":0,"31":0,"32":2,"33":4,"34":4,"35":1,"36":3,"37":1,"38":2,"39":1,"40":1,"41":4,"42":4,"43":2,"44":2,"45":2,"46":2,"47":2,"48":2,"49":2,"50":2},"f":{"0":1,"1":2,"2":0,"3":0,"4":4,"5":2,"6":2},"b":{"0":[1,1],"1":[0,0],"2":[0,0],"3":[0,0],"4":[0,0],"5":[0,0],"6":[0,0],"7":[0,0],"8":[0,0],"9":[0,0],"10":[1,3],"11":[4,2],"12":[1,2],"13":[3,1],"14":[1,1],"15":[2,2],"16":[1,1]},"_coverageSchema":"1a1c01bbd47fc00a2c39e90264f33305004495a9","hash":"2866f399403d15fa978608f0f44e33af366fed6f"}
,"/Users/jamie/Projects/squid-beak-cli/lib/shared/update.js": {"path":"/Users/jamie/Projects/squid-beak-cli/lib/shared/update.js","statementMap":{"0":{"start":{"line":1,"column":13},"end":{"line":1,"column":28}},"1":{"start":{"line":2,"column":15},"end":{"line":2,"column":40}},"2":{"start":{"line":3,"column":18},"end":{"line":3,"column":47}},"3":{"start":{"line":5,"column":21},"end":{"line":30,"column":1}},"4":{"start":{"line":6,"column":20},"end":{"line":6,"column":71}},"5":{"start":{"line":7,"column":2},"end":{"line":29,"column":3}},"6":{"start":{"line":8,"column":15},"end":{"line":8,"column":50}},"7":{"start":{"line":9,"column":4},"end":{"line":9,"column":27}},"8":{"start":{"line":11,"column":4},"end":{"line":11,"column":50}},"9":{"start":{"line":12,"column":29},"end":{"line":12,"column":37}},"10":{"start":{"line":13,"column":4},"end":{"line":13,"column":62}},"11":{"start":{"line":14,"column":18},"end":{"line":14,"column":40}},"12":{"start":{"line":16,"column":6},"end":{"line":20,"column":7}},"13":{"start":{"line":21,"column":32},"end":{"line":21,"column":36}},"14":{"start":{"line":22,"column":4},"end":{"line":22,"column":68}},"15":{"start":{"line":23,"column":4},"end":{"line":23,"column":41}},"16":{"start":{"line":24,"column":4},"end":{"line":24,"column":54}},"17":{"start":{"line":26,"column":4},"end":{"line":26,"column":50}},"18":{"start":{"line":27,"column":4},"end":{"line":27,"column":22}},"19":{"start":{"line":28,"column":4},"end":{"line":28,"column":14}},"20":{"start":{"line":32,"column":26},"end":{"line":47,"column":1}},"21":{"start":{"line":33,"column":26},"end":{"line":33,"column":71}},"22":{"start":{"line":34,"column":2},"end":{"line":46,"column":3}},"23":{"start":{"line":35,"column":15},"end":{"line":35,"column":56}},"24":{"start":{"line":36,"column":4},"end":{"line":36,"column":27}},"25":{"start":{"line":37,"column":20},"end":{"line":37,"column":33}},"26":{"start":{"line":38,"column":24},"end":{"line":38,"column":39}},"27":{"start":{"line":39,"column":4},"end":{"line":39,"column":58}},"28":{"start":{"line":40,"column":4},"end":{"line":40,"column":47}},"29":{"start":{"line":41,"column":4},"end":{"line":41,"column":60}},"30":{"start":{"line":43,"column":4},"end":{"line":43,"column":58}},"31":{"start":{"line":44,"column":4},"end":{"line":44,"column":22}},"32":{"start":{"line":45,"column":4},"end":{"line":45,"column":14}},"33":{"start":{"line":49,"column":24},"end":{"line":54,"column":1}},"34":{"start":{"line":50,"column":19},"end":{"line":50,"column":42}},"35":{"start":{"line":51,"column":2},"end":{"line":51,"column":24}},"36":{"start":{"line":52,"column":22},"end":{"line":52,"column":90}},"37":{"start":{"line":53,"column":2},"end":{"line":53,"column":21}},"38":{"start":{"line":56,"column":27},"end":{"line":59,"column":1}},"39":{"start":{"line":57,"column":22},"end":{"line":57,"column":52}},"40":{"start":{"line":58,"column":2},"end":{"line":58,"column":21}},"41":{"start":{"line":61,"column":0},"end":{"line":64,"column":2}}},"fnMap":{"0":{"name":"(anonymous_0)","decl":{"start":{"line":5,"column":21},"end":{"line":5,"column":22}},"loc":{"start":{"line":5,"column":41},"end":{"line":30,"column":1}},"line":5},"1":{"name":"(anonymous_1)","decl":{"start":{"line":32,"column":26},"end":{"line":32,"column":27}},"loc":{"start":{"line":32,"column":46},"end":{"line":47,"column":1}},"line":32},"2":{"name":"(anonymous_2)","decl":{"start":{"line":49,"column":24},"end":{"line":49,"column":25}},"loc":{"start":{"line":49,"column":58},"end":{"line":54,"column":1}},"line":49},"3":{"name":"(anonymous_3)","decl":{"start":{"line":56,"column":27},"end":{"line":56,"column":28}},"loc":{"start":{"line":56,"column":55},"end":{"line":59,"column":1}},"line":56}},"branchMap":{},"s":{"0":1,"1":1,"2":1,"3":1,"4":2,"5":2,"6":2,"7":1,"8":1,"9":1,"10":1,"11":1,"12":1,"13":1,"14":1,"15":1,"16":1,"17":1,"18":1,"19":1,"20":1,"21":0,"22":0,"23":0,"24":0,"25":0,"26":0,"27":0,"28":0,"29":0,"30":0,"31":0,"32":0,"33":1,"34":2,"35":2,"36":2,"37":2,"38":1,"39":0,"40":0,"41":1},"f":{"0":2,"1":0,"2":2,"3":0},"b":{},"_coverageSchema":"1a1c01bbd47fc00a2c39e90264f33305004495a9","hash":"a700d0b37bdff5c5da2a29fa80bf92a23238de43"}
,"/Users/jamie/Projects/squid-beak-cli/lib/util/format.js": {"path":"/Users/jamie/Projects/squid-beak-cli/lib/util/format.js","statementMap":{"0":{"start":{"line":1,"column":23},"end":{"line":6,"column":1}},"1":{"start":{"line":2,"column":2},"end":{"line":4,"column":3}},"2":{"start":{"line":3,"column":4},"end":{"line":3,"column":50}},"3":{"start":{"line":5,"column":2},"end":{"line":5,"column":58}},"4":{"start":{"line":8,"column":25},"end":{"line":17,"column":1}},"5":{"start":{"line":9,"column":2},"end":{"line":11,"column":3}},"6":{"start":{"line":10,"column":4},"end":{"line":10,"column":50}},"7":{"start":{"line":12,"column":2},"end":{"line":15,"column":3}},"8":{"start":{"line":13,"column":22},"end":{"line":13,"column":37}},"9":{"start":{"line":14,"column":4},"end":{"line":14,"column":64}},"10":{"start":{"line":14,"column":33},"end":{"line":14,"column":53}},"11":{"start":{"line":16,"column":2},"end":{"line":16,"column":30}},"12":{"start":{"line":19,"column":0},"end":{"line":22,"column":2}}},"fnMap":{"0":{"name":"(anonymous_0)","decl":{"start":{"line":1,"column":23},"end":{"line":1,"column":24}},"loc":{"start":{"line":1,"column":33},"end":{"line":6,"column":1}},"line":1},"1":{"name":"(anonymous_1)","decl":{"start":{"line":8,"column":25},"end":{"line":8,"column":26}},"loc":{"start":{"line":8,"column":35},"end":{"line":17,"column":1}},"line":8},"2":{"name":"(anonymous_2)","decl":{"start":{"line":14,"column":25},"end":{"line":14,"column":26}},"loc":{"start":{"line":14,"column":33},"end":{"line":14,"column":53}},"line":14}},"branchMap":{"0":{"loc":{"start":{"line":2,"column":2},"end":{"line":4,"column":3}},"type":"if","locations":[{"start":{"line":2,"column":2},"end":{"line":4,"column":3}},{"start":{"line":2,"column":2},"end":{"line":4,"column":3}}],"line":2},"1":{"loc":{"start":{"line":9,"column":2},"end":{"line":11,"column":3}},"type":"if","locations":[{"start":{"line":9,"column":2},"end":{"line":11,"column":3}},{"start":{"line":9,"column":2},"end":{"line":11,"column":3}}],"line":9},"2":{"loc":{"start":{"line":12,"column":2},"end":{"line":15,"column":3}},"type":"if","locations":[{"start":{"line":12,"column":2},"end":{"line":15,"column":3}},{"start":{"line":12,"column":2},"end":{"line":15,"column":3}}],"line":12}},"s":{"0":1,"1":5,"2":1,"3":4,"4":1,"5":3,"6":1,"7":2,"8":1,"9":1,"10":2,"11":1,"12":1},"f":{"0":5,"1":3,"2":2},"b":{"0":[1,4],"1":[1,2],"2":[1,1]},"_coverageSchema":"1a1c01bbd47fc00a2c39e90264f33305004495a9","hash":"4a663225ea279d095905524924c424d526b4d65e"}
,"/Users/jamie/Projects/squid-beak-cli/lib/util/logger.js": {"path":"/Users/jamie/Projects/squid-beak-cli/lib/util/logger.js","statementMap":{"0":{"start":{"line":1,"column":14},"end":{"line":1,"column":30}},"1":{"start":{"line":2,"column":19},"end":{"line":2,"column":41}},"2":{"start":{"line":4,"column":14},"end":{"line":4,"column":55}},"3":{"start":{"line":4,"column":23},"end":{"line":4,"column":55}},"4":{"start":{"line":5,"column":16},"end":{"line":5,"column":55}},"5":{"start":{"line":5,"column":25},"end":{"line":5,"column":55}},"6":{"start":{"line":6,"column":16},"end":{"line":6,"column":67}},"7":{"start":{"line":6,"column":25},"end":{"line":6,"column":67}},"8":{"start":{"line":7,"column":16},"end":{"line":7,"column":54}},"9":{"start":{"line":7,"column":25},"end":{"line":7,"column":54}},"10":{"start":{"line":8,"column":13},"end":{"line":8,"column":50}},"11":{"start":{"line":8,"column":22},"end":{"line":8,"column":50}},"12":{"start":{"line":9,"column":20},"end":{"line":11,"column":1}},"13":{"start":{"line":10,"column":2},"end":{"line":10,"column":42}},"14":{"start":{"line":12,"column":18},"end":{"line":14,"column":1}},"15":{"start":{"line":13,"column":2},"end":{"line":13,"column":40}},"16":{"start":{"line":16,"column":15},"end":{"line":24,"column":1}},"17":{"start":{"line":25,"column":0},"end":{"line":25,"column":24}}},"fnMap":{"0":{"name":"(anonymous_0)","decl":{"start":{"line":4,"column":14},"end":{"line":4,"column":15}},"loc":{"start":{"line":4,"column":23},"end":{"line":4,"column":55}},"line":4},"1":{"name":"(anonymous_1)","decl":{"start":{"line":5,"column":16},"end":{"line":5,"column":17}},"loc":{"start":{"line":5,"column":25},"end":{"line":5,"column":55}},"line":5},"2":{"name":"(anonymous_2)","decl":{"start":{"line":6,"column":16},"end":{"line":6,"column":17}},"loc":{"start":{"line":6,"column":25},"end":{"line":6,"column":67}},"line":6},"3":{"name":"(anonymous_3)","decl":{"start":{"line":7,"column":16},"end":{"line":7,"column":17}},"loc":{"start":{"line":7,"column":25},"end":{"line":7,"column":54}},"line":7},"4":{"name":"(anonymous_4)","decl":{"start":{"line":8,"column":13},"end":{"line":8,"column":14}},"loc":{"start":{"line":8,"column":22},"end":{"line":8,"column":50}},"line":8},"5":{"name":"(anonymous_5)","decl":{"start":{"line":9,"column":20},"end":{"line":9,"column":21}},"loc":{"start":{"line":9,"column":29},"end":{"line":11,"column":1}},"line":9},"6":{"name":"(anonymous_6)","decl":{"start":{"line":12,"column":18},"end":{"line":12,"column":19}},"loc":{"start":{"line":12,"column":27},"end":{"line":14,"column":1}},"line":12}},"branchMap":{},"s":{"0":4,"1":4,"2":4,"3":2,"4":4,"5":0,"6":4,"7":2,"8":4,"9":14,"10":4,"11":0,"12":4,"13":14,"14":4,"15":0,"16":4,"17":4},"f":{"0":2,"1":0,"2":2,"3":14,"4":0,"5":14,"6":0},"b":{},"_coverageSchema":"1a1c01bbd47fc00a2c39e90264f33305004495a9","hash":"ac69c3e5d53c00926954cdb85362935215736429"}
,"/Users/jamie/Projects/squid-beak-cli/lib/util/promise-fs.js": {"path":"/Users/jamie/Projects/squid-beak-cli/lib/util/promise-fs.js","statementMap":{"0":{"start":{"line":1,"column":11},"end":{"line":1,"column":24}},"1":{"start":{"line":2,"column":12},"end":{"line":2,"column":31}},"2":{"start":{"line":3,"column":16},"end":{"line":3,"column":35}},"3":{"start":{"line":5,"column":17},"end":{"line":5,"column":47}},"4":{"start":{"line":6,"column":18},"end":{"line":6,"column":49}},"5":{"start":{"line":7,"column":17},"end":{"line":7,"column":44}},"6":{"start":{"line":8,"column":0},"end":{"line":12,"column":2}}},"fnMap":{},"branchMap":{},"s":{"0":2,"1":2,"2":2,"3":2,"4":2,"5":2,"6":2},"f":{},"b":{},"_coverageSchema":"1a1c01bbd47fc00a2c39e90264f33305004495a9","hash":"e3cb65c41a7a8843df3fc93ffbf36736f2d4ad1d"}
}
