TN:
SF:lib/commands/generate-component.js
FN:7,(anonymous_0)
FN:10,(anonymous_1)
FNF:2
FNH:2
FNDA:4,(anonymous_0)
FNDA:4,(anonymous_1)
DA:1,1
DA:2,1
DA:3,1
DA:4,1
DA:5,1
DA:7,1
DA:8,4
DA:9,4
DA:10,4
DA:11,4
DA:12,2
DA:14,2
DA:15,2
DA:16,2
DA:17,2
DA:18,1
DA:19,1
DA:20,1
DA:21,1
DA:23,1
DA:24,1
DA:27,2
DA:28,2
DA:29,2
DA:33,1
LF:25
LH:25
BRDA:11,0,0,2
BRDA:11,0,1,2
BRDA:17,1,0,1
BRDA:17,1,1,1
BRF:4
BRH:4
end_of_record
TN:
SF:lib/commands/generate-page.js
FN:14,(anonymous_0)
FN:18,(anonymous_1)
FNF:2
FNH:2
FNDA:2,(anonymous_0)
FNDA:2,(anonymous_1)
DA:1,1
DA:2,1
DA:3,1
DA:4,1
DA:5,1
DA:14,1
DA:15,2
DA:17,2
DA:18,2
DA:19,2
DA:20,1
DA:22,1
DA:23,1
DA:25,1
DA:26,1
DA:27,0
DA:29,1
DA:30,1
DA:31,1
DA:37,1
LF:20
LH:19
BRDA:19,0,0,1
BRDA:19,0,1,1
BRDA:26,1,0,0
BRDA:26,1,1,1
BRF:4
BRH:3
end_of_record
TN:
SF:lib/commands/generate-project.js
FN:28,(anonymous_0)
FNF:1
FNH:1
FNDA:1,(anonymous_0)
DA:1,1
DA:2,1
DA:3,1
DA:4,1
DA:6,1
DA:11,1
DA:16,1
DA:28,1
DA:29,1
DA:30,1
DA:32,1
DA:34,1
DA:36,1
DA:37,1
DA:39,0
DA:42,1
DA:44,1
LF:17
LH:16
BRF:0
BRH:0
end_of_record
TN:
SF:lib/file-creators/file-templates.js
FN:2,(anonymous_0)
FN:19,(anonymous_1)
FN:40,(anonymous_2)
FN:57,(anonymous_3)
FN:73,(anonymous_4)
FN:86,(anonymous_5)
FN:96,(anonymous_6)
FN:104,(anonymous_7)
FN:112,(anonymous_8)
FN:118,(anonymous_9)
FNF:10
FNH:1
FNDA:0,(anonymous_0)
FNDA:0,(anonymous_1)
FNDA:0,(anonymous_2)
FNDA:0,(anonymous_3)
FNDA:0,(anonymous_4)
FNDA:0,(anonymous_5)
FNDA:0,(anonymous_6)
FNDA:0,(anonymous_7)
FNDA:0,(anonymous_8)
FNDA:2,(anonymous_9)
DA:2,4
DA:3,0
DA:19,4
DA:20,0
DA:40,4
DA:41,0
DA:57,4
DA:58,0
DA:73,4
DA:74,0
DA:86,4
DA:87,0
DA:96,4
DA:97,0
DA:104,4
DA:105,0
DA:112,4
DA:113,0
DA:118,4
DA:119,2
DA:120,2
DA:123,2
DA:133,4
LF:23
LH:14
BRDA:120,0,0,1
BRDA:120,0,1,1
BRF:2
BRH:2
end_of_record
TN:
SF:lib/file-creators/page-files.js
FN:7,(anonymous_0)
FN:16,(anonymous_1)
FN:29,(anonymous_2)
FNF:3
FNH:3
FNDA:1,(anonymous_0)
FNDA:2,(anonymous_1)
FNDA:1,(anonymous_2)
DA:1,2
DA:2,2
DA:3,2
DA:4,2
DA:5,2
DA:7,2
DA:8,1
DA:13,1
DA:16,2
DA:17,2
DA:18,2
DA:19,1
DA:21,1
DA:23,1
DA:24,1
DA:25,1
DA:26,1
DA:29,2
DA:30,1
DA:31,1
DA:32,1
DA:33,1
DA:47,1
DA:49,2
LF:24
LH:24
BRDA:18,0,0,1
BRDA:18,0,1,1
BRF:2
BRH:2
end_of_record
TN:
SF:lib/file-creators/shared-files.js
FN:12,(anonymous_0)
FN:20,(anonymous_1)
FN:30,(anonymous_2)
FN:50,(anonymous_3)
FN:60,(anonymous_4)
FNF:5
FNH:5
FNDA:1,(anonymous_0)
FNDA:2,(anonymous_1)
FNDA:4,(anonymous_2)
FNDA:2,(anonymous_3)
FNDA:4,(anonymous_4)
DA:1,4
DA:2,4
DA:3,4
DA:4,4
DA:5,4
DA:12,4
DA:13,1
DA:17,1
DA:20,4
DA:21,2
DA:22,2
DA:27,2
DA:30,4
DA:31,4
DA:33,4
DA:34,1
DA:35,3
DA:36,1
DA:37,2
DA:38,1
DA:40,1
DA:43,4
DA:47,4
DA:50,4
DA:51,2
DA:52,2
DA:57,2
DA:60,4
DA:61,4
DA:65,4
DA:68,4
LF:31
LH:31
BRDA:24,0,0,1
BRDA:24,0,1,1
BRDA:33,1,0,1
BRDA:33,1,1,3
BRDA:33,2,0,4
BRDA:33,2,1,2
BRDA:35,3,0,1
BRDA:35,3,1,2
BRDA:35,4,0,3
BRDA:35,4,1,1
BRDA:37,5,0,1
BRDA:37,5,1,1
BRDA:37,6,0,2
BRDA:37,6,1,2
BRDA:54,7,0,1
BRDA:54,7,1,1
BRF:16
BRH:16
end_of_record
TN:
SF:lib/initializers/add-files.js
FN:9,(anonymous_0)
FN:37,(anonymous_1)
FN:38,(anonymous_2)
FN:40,(anonymous_3)
FN:44,(anonymous_4)
FNF:5
FNH:0
FNDA:0,(anonymous_0)
FNDA:0,(anonymous_1)
FNDA:0,(anonymous_2)
FNDA:0,(anonymous_3)
FNDA:0,(anonymous_4)
DA:1,2
DA:2,2
DA:9,2
DA:10,0
DA:13,2
DA:28,2
DA:37,2
DA:38,0
DA:39,0
DA:40,0
DA:41,0
DA:44,0
DA:45,0
DA:47,0
DA:51,2
LF:15
LH:7
BRDA:39,0,0,0
BRDA:39,0,1,0
BRF:2
BRH:0
end_of_record
TN:
SF:lib/initializers/project-structure.js
FN:9,(anonymous_0)
FN:39,(anonymous_1)
FN:41,(anonymous_2)
FN:42,(anonymous_3)
FN:57,(anonymous_4)
FN:58,(anonymous_5)
FNF:6
FNH:6
FNDA:4,(anonymous_0)
FNDA:4,(anonymous_1)
FNDA:4,(anonymous_2)
FNDA:46,(anonymous_3)
FNDA:2,(anonymous_4)
FNDA:2,(anonymous_5)
DA:1,2
DA:2,2
DA:3,2
DA:9,2
DA:10,4
DA:23,4
DA:24,1
DA:26,4
DA:27,1
DA:29,4
DA:39,2
DA:40,4
DA:41,4
DA:42,4
DA:43,46
DA:44,46
DA:47,4
DA:57,2
DA:58,2
DA:59,2
DA:60,1
DA:62,1
DA:63,1
DA:64,1
DA:65,1
DA:66,1
DA:70,2
LF:27
LH:27
BRDA:23,0,0,1
BRDA:23,0,1,3
BRDA:26,1,0,1
BRDA:26,1,1,3
BRDA:59,2,0,1
BRDA:59,2,1,1
BRF:6
BRH:6
end_of_record
TN:
SF:lib/util/format.js
FN:3,(anonymous_0)
FN:10,(anonymous_1)
FN:16,(anonymous_2)
FNF:3
FNH:3
FNDA:11,(anonymous_0)
FNDA:9,(anonymous_1)
FNDA:2,(anonymous_2)
DA:1,3
DA:3,3
DA:4,11
DA:5,1
DA:7,10
DA:10,3
DA:11,9
DA:12,1
DA:14,8
DA:15,1
DA:16,2
DA:18,7
DA:21,3
LF:13
LH:13
BRDA:4,0,0,1
BRDA:4,0,1,10
BRDA:11,1,0,1
BRDA:11,1,1,8
BRDA:14,2,0,1
BRDA:14,2,1,7
BRF:6
BRH:6
end_of_record
TN:
SF:lib/util/logger.js
FN:3,(anonymous_0)
FN:4,(anonymous_1)
FN:5,(anonymous_2)
FN:6,(anonymous_3)
FN:7,(anonymous_4)
FNF:5
FNH:3
FNDA:0,(anonymous_0)
FNDA:0,(anonymous_1)
FNDA:5,(anonymous_2)
FNDA:16,(anonymous_3)
FNDA:3,(anonymous_4)
DA:1,8
DA:3,8
DA:4,8
DA:5,8
DA:6,16
DA:7,8
DA:9,8
DA:16,8
LF:8
LH:8
BRF:0
BRH:0
end_of_record
