TN:
SF:lib/component/generate-component.js
FN:7,(anonymous_0)
FN:10,(anonymous_1)
FNF:2
FNH:2
FNDA:4,(anonymous_0)
FNDA:4,(anonymous_1)
DA:1,1
DA:2,1
DA:3,1
DA:4,1
DA:5,1
DA:7,1
DA:8,4
DA:9,4
DA:10,4
DA:11,4
DA:12,2
DA:14,2
DA:15,2
DA:16,2
DA:17,2
DA:18,1
DA:19,1
DA:20,1
DA:21,1
DA:23,1
DA:24,1
DA:27,2
DA:28,2
DA:29,2
DA:33,1
LF:25
LH:25
BRDA:11,0,0,2
BRDA:11,0,1,2
BRDA:17,1,0,1
BRDA:17,1,1,1
BRF:4
BRH:4
end_of_record
TN:
SF:lib/page/generate-page.js
FN:15,(anonymous_0)
FN:19,(anonymous_1)
FNF:2
FNH:2
FNDA:2,(anonymous_0)
FNDA:2,(anonymous_1)
DA:1,1
DA:2,1
DA:3,1
DA:4,1
DA:5,1
DA:6,1
DA:15,1
DA:16,2
DA:18,2
DA:19,2
DA:20,2
DA:21,1
DA:23,1
DA:25,1
DA:26,1
DA:27,1
DA:31,1
DA:32,1
DA:33,1
DA:34,1
DA:40,1
LF:21
LH:21
BRDA:20,0,0,1
BRDA:20,0,1,1
BRDA:26,1,0,1
BRDA:26,1,1,0
BRF:4
BRH:3
end_of_record
TN:
SF:lib/page/page-files.js
FN:8,(anonymous_0)
FN:16,(anonymous_1)
FN:33,(anonymous_2)
FN:44,(anonymous_3)
FN:63,(anonymous_4)
FNF:5
FNH:5
FNDA:1,(anonymous_0)
FNDA:3,(anonymous_1)
FNDA:1,(anonymous_2)
FNDA:5,(anonymous_3)
FNDA:5,(anonymous_4)
DA:1,2
DA:2,2
DA:3,2
DA:4,2
DA:5,2
DA:6,2
DA:8,2
DA:9,1
DA:13,1
DA:16,2
DA:17,3
DA:18,3
DA:19,1
DA:21,2
DA:23,2
DA:24,2
DA:25,1
DA:26,1
DA:28,2
DA:29,2
DA:33,2
DA:34,1
DA:35,1
DA:36,1
DA:37,1
DA:41,1
DA:44,2
DA:45,5
DA:47,5
DA:48,1
DA:49,4
DA:50,1
DA:51,3
DA:52,2
DA:54,1
DA:56,5
DA:60,5
DA:63,2
DA:64,5
DA:65,5
DA:67,3
DA:68,1
DA:70,2
DA:72,3
DA:76,3
DA:78,2
DA:81,2
LF:47
LH:47
BRDA:18,0,0,1
BRDA:18,0,1,2
BRDA:24,1,0,1
BRDA:24,1,1,1
BRDA:47,2,0,1
BRDA:47,2,1,4
BRDA:47,3,0,5
BRDA:47,3,1,2
BRDA:49,4,0,1
BRDA:49,4,1,3
BRDA:49,5,0,4
BRDA:49,5,1,1
BRDA:51,6,0,2
BRDA:51,6,1,1
BRDA:51,7,0,3
BRDA:51,7,1,3
BRDA:65,8,0,3
BRDA:65,8,1,2
BRDA:65,9,0,5
BRDA:65,9,1,5
BRDA:67,10,0,1
BRDA:67,10,1,2
BRF:22
BRH:22
end_of_record
TN:
SF:lib/page/page-templates.js
FN:1,(anonymous_0)
FN:6,(anonymous_1)
FN:21,(anonymous_2)
FN:37,(anonymous_3)
FN:49,(anonymous_4)
FN:71,(anonymous_5)
FNF:6
FNH:4
FNDA:1,(anonymous_0)
FNDA:1,(anonymous_1)
FNDA:0,(anonymous_2)
FNDA:1,(anonymous_3)
FNDA:0,(anonymous_4)
FNDA:1,(anonymous_5)
DA:1,2
DA:2,1
DA:6,2
DA:7,1
DA:21,2
DA:22,0
DA:37,2
DA:38,1
DA:49,2
DA:50,0
DA:71,2
DA:72,1
DA:91,2
LF:13
LH:11
BRF:0
BRH:0
end_of_record
TN:
SF:lib/project/add-files-to-project.js
FN:11,(anonymous_0)
FN:15,(anonymous_1)
FN:59,(anonymous_2)
FN:64,(anonymous_3)
FN:69,(anonymous_4)
FN:74,(anonymous_5)
FN:79,(anonymous_6)
FN:84,(anonymous_7)
FN:89,(anonymous_8)
FNF:9
FNH:8
FNDA:0,(anonymous_0)
FNDA:2,(anonymous_1)
FNDA:2,(anonymous_2)
FNDA:1,(anonymous_3)
FNDA:22,(anonymous_4)
FNDA:2,(anonymous_5)
FNDA:2,(anonymous_6)
FNDA:2,(anonymous_7)
FNDA:2,(anonymous_8)
DA:2,2
DA:3,2
DA:4,2
DA:11,2
DA:12,0
DA:15,2
DA:16,2
DA:18,2
DA:33,2
DA:36,2
DA:41,2
DA:45,2
DA:50,2
DA:59,2
DA:60,2
DA:61,2
DA:62,2
DA:63,2
DA:64,1
DA:65,1
DA:67,1
DA:69,2
DA:70,22
DA:72,2
DA:74,2
DA:75,2
DA:77,2
DA:79,2
DA:80,2
DA:82,2
DA:84,2
DA:85,2
DA:87,2
DA:89,2
DA:90,2
DA:92,2
DA:93,2
DA:94,2
DA:96,2
DA:97,2
DA:99,0
DA:100,0
DA:104,2
LF:43
LH:40
BRDA:63,0,0,1
BRDA:63,0,1,1
BRF:2
BRH:2
end_of_record
TN:
SF:lib/project/generate-project.js
FN:29,(anonymous_0)
FNF:1
FNH:1
FNDA:1,(anonymous_0)
DA:1,1
DA:2,1
DA:3,1
DA:4,1
DA:5,1
DA:7,1
DA:12,1
DA:17,1
DA:29,1
DA:30,1
DA:31,1
DA:33,1
DA:35,1
DA:37,1
DA:38,1
DA:40,1
DA:41,1
DA:42,1
DA:45,1
DA:47,0
DA:50,1
LF:21
LH:20
BRF:0
BRH:0
end_of_record
TN:
SF:lib/project/project-structure.js
FN:9,(anonymous_0)
FN:39,(anonymous_1)
FN:41,(anonymous_2)
FN:42,(anonymous_3)
FN:56,(anonymous_4)
FN:57,(anonymous_5)
FNF:6
FNH:6
FNDA:4,(anonymous_0)
FNDA:4,(anonymous_1)
FNDA:4,(anonymous_2)
FNDA:46,(anonymous_3)
FNDA:2,(anonymous_4)
FNDA:2,(anonymous_5)
DA:1,2
DA:2,2
DA:3,2
DA:9,2
DA:10,4
DA:23,4
DA:24,1
DA:26,4
DA:27,1
DA:29,4
DA:39,2
DA:40,4
DA:41,4
DA:42,4
DA:43,46
DA:46,4
DA:56,2
DA:57,2
DA:58,2
DA:59,1
DA:61,1
DA:62,1
DA:63,1
DA:64,1
DA:65,1
DA:69,2
LF:26
LH:26
BRDA:23,0,0,1
BRDA:23,0,1,3
BRDA:26,1,0,1
BRDA:26,1,1,3
BRDA:58,2,0,1
BRDA:58,2,1,1
BRF:6
BRH:6
end_of_record
TN:
SF:lib/shared/file-templates.js
FN:2,(anonymous_0)
FN:19,(anonymous_1)
FN:40,(anonymous_2)
FN:57,(anonymous_3)
FN:74,(anonymous_4)
FN:88,(anonymous_5)
FN:98,(anonymous_6)
FN:106,(anonymous_7)
FN:114,(anonymous_8)
FN:122,(anonymous_9)
FNF:10
FNH:2
FNDA:0,(anonymous_0)
FNDA:0,(anonymous_1)
FNDA:1,(anonymous_2)
FNDA:0,(anonymous_3)
FNDA:0,(anonymous_4)
FNDA:0,(anonymous_5)
FNDA:0,(anonymous_6)
FNDA:0,(anonymous_7)
FNDA:0,(anonymous_8)
FNDA:2,(anonymous_9)
DA:2,4
DA:3,0
DA:19,4
DA:20,0
DA:40,4
DA:41,1
DA:57,4
DA:58,0
DA:74,4
DA:75,0
DA:88,4
DA:89,0
DA:98,4
DA:99,0
DA:106,4
DA:107,0
DA:114,4
DA:115,0
DA:122,4
DA:123,2
DA:124,2
DA:127,2
DA:137,4
LF:23
LH:15
BRDA:124,0,0,1
BRDA:124,0,1,1
BRF:2
BRH:2
end_of_record
TN:
SF:lib/shared/shared-files.js
FN:11,(anonymous_0)
FN:19,(anonymous_1)
FN:29,(anonymous_2)
FN:49,(anonymous_3)
FN:59,(anonymous_4)
FNF:5
FNH:5
FNDA:1,(anonymous_0)
FNDA:2,(anonymous_1)
FNDA:5,(anonymous_2)
FNDA:2,(anonymous_3)
FNDA:4,(anonymous_4)
DA:1,4
DA:2,4
DA:3,4
DA:4,4
DA:11,4
DA:12,1
DA:16,1
DA:19,4
DA:20,2
DA:21,2
DA:26,2
DA:29,4
DA:30,5
DA:32,5
DA:33,1
DA:34,4
DA:35,2
DA:36,2
DA:37,1
DA:39,1
DA:42,5
DA:46,5
DA:49,4
DA:50,2
DA:51,2
DA:56,2
DA:59,4
DA:60,4
DA:64,4
DA:67,4
LF:30
LH:30
BRDA:23,0,0,1
BRDA:23,0,1,1
BRDA:32,1,0,1
BRDA:32,1,1,4
BRDA:32,2,0,5
BRDA:32,2,1,3
BRDA:34,3,0,2
BRDA:34,3,1,2
BRDA:34,4,0,4
BRDA:34,4,1,2
BRDA:36,5,0,1
BRDA:36,5,1,1
BRDA:36,6,0,2
BRDA:36,6,1,2
BRDA:53,7,0,1
BRDA:53,7,1,1
BRF:16
BRH:16
end_of_record
TN:
SF:lib/shared/update.js
FN:5,(anonymous_0)
FN:32,(anonymous_1)
FN:49,(anonymous_2)
FN:56,(anonymous_3)
FNF:4
FNH:4
FNDA:2,(anonymous_0)
FNDA:2,(anonymous_1)
FNDA:2,(anonymous_2)
FNDA:1,(anonymous_3)
DA:1,2
DA:2,2
DA:3,2
DA:5,2
DA:6,2
DA:7,2
DA:8,2
DA:9,1
DA:11,1
DA:12,1
DA:13,1
DA:14,1
DA:16,1
DA:21,1
DA:22,1
DA:23,1
DA:24,1
DA:26,1
DA:27,1
DA:28,1
DA:32,2
DA:33,2
DA:34,2
DA:35,2
DA:36,1
DA:37,1
DA:38,1
DA:39,1
DA:40,1
DA:41,1
DA:43,1
DA:44,1
DA:45,1
DA:49,2
DA:50,2
DA:51,2
DA:52,2
DA:53,2
DA:56,2
DA:57,1
DA:58,1
DA:61,2
LF:42
LH:42
BRF:0
BRH:0
end_of_record
TN:
SF:lib/util/cmd-async.js
FNF:0
FNH:0
DA:1,1
DA:2,1
DA:4,1
DA:6,1
LF:4
LH:4
BRF:0
BRH:0
end_of_record
TN:
SF:lib/util/format.js
FN:1,(anonymous_0)
FN:8,(anonymous_1)
FN:14,(anonymous_2)
FNF:3
FNH:3
FNDA:11,(anonymous_0)
FNDA:9,(anonymous_1)
FNDA:2,(anonymous_2)
DA:1,3
DA:2,11
DA:3,1
DA:5,10
DA:8,3
DA:9,9
DA:10,1
DA:12,8
DA:13,1
DA:14,2
DA:16,7
DA:19,3
LF:12
LH:12
BRDA:2,0,0,1
BRDA:2,0,1,10
BRDA:9,1,0,1
BRDA:9,1,1,8
BRDA:12,2,0,1
BRDA:12,2,1,7
BRF:6
BRH:6
end_of_record
TN:
SF:lib/util/logger.js
FN:4,(anonymous_0)
FN:5,(anonymous_1)
FN:6,(anonymous_2)
FN:7,(anonymous_3)
FN:8,(anonymous_4)
FN:9,(anonymous_5)
FN:12,(anonymous_6)
FNF:7
FNH:5
FNDA:4,(anonymous_0)
FNDA:0,(anonymous_1)
FNDA:5,(anonymous_2)
FNDA:29,(anonymous_3)
FNDA:2,(anonymous_4)
FNDA:29,(anonymous_5)
FNDA:0,(anonymous_6)
DA:1,8
DA:2,8
DA:4,8
DA:5,8
DA:6,8
DA:7,29
DA:8,8
DA:9,8
DA:10,29
DA:12,8
DA:13,0
DA:16,8
DA:25,8
LF:13
LH:12
BRF:0
BRH:0
end_of_record
TN:
SF:lib/util/promise-fs.js
FNF:0
FNH:0
DA:1,4
DA:2,4
DA:3,4
DA:5,4
DA:6,4
DA:7,4
DA:8,4
LF:7
LH:7
BRF:0
BRH:0
end_of_record
